{"/Users/fukudatomohiro/DevCode/img-worker/src/api-keys/api-key.ts": {"path":"/Users/fukudatomohiro/DevCode/img-worker/src/api-keys/api-key.ts","statementMap":{"0":{"start":{"line":25,"column":23},"end":{"line":25,"column":null}},"1":{"start":{"line":26,"column":2},"end":{"line":30,"column":null}},"2":{"start":{"line":27,"column":4},"end":{"line":29,"column":null}},"3":{"start":{"line":33,"column":8},"end":{"line":33,"column":null}},"4":{"start":{"line":34,"column":18},"end":{"line":34,"column":null}},"5":{"start":{"line":35,"column":16},"end":{"line":35,"column":null}},"6":{"start":{"line":36,"column":14},"end":{"line":36,"column":null}},"7":{"start":{"line":38,"column":29},"end":{"line":45,"column":null}},"8":{"start":{"line":48,"column":23},"end":{"line":48,"column":null}},"9":{"start":{"line":49,"column":29},"end":{"line":49,"column":null}},"10":{"start":{"line":50,"column":2},"end":{"line":50,"column":null}},"11":{"start":{"line":53,"column":2},"end":{"line":57,"column":null}},"12":{"start":{"line":60,"column":2},"end":{"line":63,"column":null}},"13":{"start":{"line":77,"column":15},"end":{"line":77,"column":null}},"14":{"start":{"line":78,"column":2},"end":{"line":80,"column":null}},"15":{"start":{"line":79,"column":4},"end":{"line":79,"column":null}},"16":{"start":{"line":81,"column":2},"end":{"line":81,"column":null}},"17":{"start":{"line":96,"column":18},"end":{"line":96,"column":null}},"18":{"start":{"line":97,"column":16},"end":{"line":97,"column":null}},"19":{"start":{"line":99,"column":2},"end":{"line":101,"column":null}},"20":{"start":{"line":100,"column":4},"end":{"line":100,"column":null}},"21":{"start":{"line":103,"column":21},"end":{"line":103,"column":null}},"22":{"start":{"line":106,"column":2},"end":{"line":108,"column":null}},"23":{"start":{"line":107,"column":4},"end":{"line":107,"column":null}},"24":{"start":{"line":110,"column":2},"end":{"line":110,"column":null}},"25":{"start":{"line":124,"column":23},"end":{"line":124,"column":null}},"26":{"start":{"line":125,"column":2},"end":{"line":127,"column":null}},"27":{"start":{"line":126,"column":4},"end":{"line":126,"column":null}},"28":{"start":{"line":129,"column":27},"end":{"line":129,"column":null}},"29":{"start":{"line":132,"column":15},"end":{"line":134,"column":null}},"30":{"start":{"line":133,"column":26},"end":{"line":133,"column":50}},"31":{"start":{"line":137,"column":2},"end":{"line":139,"column":null}},"32":{"start":{"line":138,"column":36},"end":{"line":138,"column":48}},"33":{"start":{"line":139,"column":18},"end":{"line":139,"column":35}},"34":{"start":{"line":155,"column":21},"end":{"line":155,"column":null}},"35":{"start":{"line":156,"column":2},"end":{"line":158,"column":null}},"36":{"start":{"line":157,"column":4},"end":{"line":157,"column":null}},"37":{"start":{"line":161,"column":2},"end":{"line":163,"column":null}},"38":{"start":{"line":162,"column":4},"end":{"line":162,"column":null}},"39":{"start":{"line":164,"column":2},"end":{"line":166,"column":null}},"40":{"start":{"line":165,"column":4},"end":{"line":165,"column":null}},"41":{"start":{"line":169,"column":2},"end":{"line":169,"column":null}},"42":{"start":{"line":171,"column":2},"end":{"line":171,"column":null}},"43":{"start":{"line":185,"column":21},"end":{"line":185,"column":null}},"44":{"start":{"line":186,"column":2},"end":{"line":188,"column":null}},"45":{"start":{"line":187,"column":4},"end":{"line":187,"column":null}},"46":{"start":{"line":191,"column":23},"end":{"line":191,"column":null}},"47":{"start":{"line":192,"column":2},"end":{"line":199,"column":null}},"48":{"start":{"line":193,"column":31},"end":{"line":193,"column":null}},"49":{"start":{"line":194,"column":24},"end":{"line":194,"column":null}},"50":{"start":{"line":194,"column":48},"end":{"line":194,"column":60}},"51":{"start":{"line":195,"column":4},"end":{"line":198,"column":null}},"52":{"start":{"line":202,"column":2},"end":{"line":205,"column":null}},"53":{"start":{"line":207,"column":2},"end":{"line":207,"column":null}},"54":{"start":{"line":220,"column":21},"end":{"line":220,"column":null}},"55":{"start":{"line":221,"column":2},"end":{"line":223,"column":null}},"56":{"start":{"line":222,"column":4},"end":{"line":222,"column":null}},"57":{"start":{"line":225,"column":2},"end":{"line":225,"column":null}},"58":{"start":{"line":227,"column":2},"end":{"line":227,"column":null}},"59":{"start":{"line":241,"column":2},"end":{"line":251,"column":null}}},"fnMap":{"0":{"name":"createApiKey","decl":{"start":{"line":19,"column":22},"end":{"line":19,"column":null}},"loc":{"start":{"line":23,"column":26},"end":{"line":64,"column":null}},"line":23},"1":{"name":"getApiKeyById","decl":{"start":{"line":73,"column":22},"end":{"line":73,"column":null}},"loc":{"start":{"line":76,"column":26},"end":{"line":82,"column":null}},"line":76},"2":{"name":"validateApiKey","decl":{"start":{"line":92,"column":22},"end":{"line":92,"column":null}},"loc":{"start":{"line":95,"column":26},"end":{"line":111,"column":null}},"line":95},"3":{"name":"getUserApiKeys","decl":{"start":{"line":120,"column":22},"end":{"line":120,"column":null}},"loc":{"start":{"line":123,"column":25},"end":{"line":140,"column":null}},"line":123},"4":{"name":"(anonymous_4)","decl":{"start":{"line":133,"column":15},"end":{"line":133,"column":16}},"loc":{"start":{"line":133,"column":26},"end":{"line":133,"column":50}},"line":133},"5":{"name":"(anonymous_5)","decl":{"start":{"line":138,"column":12},"end":{"line":138,"column":13}},"loc":{"start":{"line":138,"column":36},"end":{"line":138,"column":48}},"line":138},"6":{"name":"(anonymous_6)","decl":{"start":{"line":139,"column":9},"end":{"line":139,"column":10}},"loc":{"start":{"line":139,"column":18},"end":{"line":139,"column":35}},"line":139},"7":{"name":"updateApiKey","decl":{"start":{"line":150,"column":22},"end":{"line":150,"column":null}},"loc":{"start":{"line":154,"column":30},"end":{"line":172,"column":null}},"line":154},"8":{"name":"deleteApiKey","decl":{"start":{"line":181,"column":22},"end":{"line":181,"column":null}},"loc":{"start":{"line":184,"column":20},"end":{"line":208,"column":null}},"line":184},"9":{"name":"(anonymous_9)","decl":{"start":{"line":194,"column":40},"end":{"line":194,"column":41}},"loc":{"start":{"line":194,"column":48},"end":{"line":194,"column":60}},"line":194},"10":{"name":"recordLastUsed","decl":{"start":{"line":216,"column":22},"end":{"line":216,"column":null}},"loc":{"start":{"line":219,"column":17},"end":{"line":228,"column":null}},"line":219},"11":{"name":"toApiKeyInfo","decl":{"start":{"line":237,"column":16},"end":{"line":237,"column":null}},"loc":{"start":{"line":240,"column":14},"end":{"line":252,"column":null}},"line":240}},"branchMap":{"0":{"loc":{"start":{"line":26,"column":2},"end":{"line":30,"column":null}},"type":"if","locations":[{"start":{"line":26,"column":2},"end":{"line":30,"column":null}},{"start":{},"end":{}}],"line":26},"1":{"loc":{"start":{"line":49,"column":29},"end":{"line":49,"column":null}},"type":"cond-expr","locations":[{"start":{"line":49,"column":44},"end":{"line":49,"column":71}},{"start":{"line":49,"column":71},"end":{"line":49,"column":null}}],"line":49},"2":{"loc":{"start":{"line":78,"column":2},"end":{"line":80,"column":null}},"type":"if","locations":[{"start":{"line":78,"column":2},"end":{"line":80,"column":null}},{"start":{},"end":{}}],"line":78},"3":{"loc":{"start":{"line":99,"column":2},"end":{"line":101,"column":null}},"type":"if","locations":[{"start":{"line":99,"column":2},"end":{"line":101,"column":null}},{"start":{},"end":{}}],"line":99},"4":{"loc":{"start":{"line":106,"column":2},"end":{"line":108,"column":null}},"type":"if","locations":[{"start":{"line":106,"column":2},"end":{"line":108,"column":null}},{"start":{},"end":{}}],"line":106},"5":{"loc":{"start":{"line":106,"column":6},"end":{"line":106,"column":43}},"type":"binary-expr","locations":[{"start":{"line":106,"column":6},"end":{"line":106,"column":21}},{"start":{"line":106,"column":21},"end":{"line":106,"column":43}}],"line":106},"6":{"loc":{"start":{"line":125,"column":2},"end":{"line":127,"column":null}},"type":"if","locations":[{"start":{"line":125,"column":2},"end":{"line":127,"column":null}},{"start":{},"end":{}}],"line":125},"7":{"loc":{"start":{"line":156,"column":2},"end":{"line":158,"column":null}},"type":"if","locations":[{"start":{"line":156,"column":2},"end":{"line":158,"column":null}},{"start":{},"end":{}}],"line":156},"8":{"loc":{"start":{"line":161,"column":2},"end":{"line":163,"column":null}},"type":"if","locations":[{"start":{"line":161,"column":2},"end":{"line":163,"column":null}},{"start":{},"end":{}}],"line":161},"9":{"loc":{"start":{"line":164,"column":2},"end":{"line":166,"column":null}},"type":"if","locations":[{"start":{"line":164,"column":2},"end":{"line":166,"column":null}},{"start":{},"end":{}}],"line":164},"10":{"loc":{"start":{"line":186,"column":2},"end":{"line":188,"column":null}},"type":"if","locations":[{"start":{"line":186,"column":2},"end":{"line":188,"column":null}},{"start":{},"end":{}}],"line":186},"11":{"loc":{"start":{"line":192,"column":2},"end":{"line":199,"column":null}},"type":"if","locations":[{"start":{"line":192,"column":2},"end":{"line":199,"column":null}},{"start":{},"end":{}}],"line":192},"12":{"loc":{"start":{"line":221,"column":2},"end":{"line":223,"column":null}},"type":"if","locations":[{"start":{"line":221,"column":2},"end":{"line":223,"column":null}},{"start":{},"end":{}}],"line":221},"13":{"loc":{"start":{"line":245,"column":16},"end":{"line":247,"column":null}},"type":"cond-expr","locations":[{"start":{"line":245,"column":16},"end":{"line":246,"column":null}},{"start":{"line":247,"column":8},"end":{"line":247,"column":null}}],"line":245}},"s":{"0":0,"1":0,"2":0,"3":0,"4":0,"5":0,"6":0,"7":0,"8":0,"9":0,"10":0,"11":0,"12":0,"13":0,"14":0,"15":0,"16":0,"17":0,"18":0,"19":0,"20":0,"21":0,"22":0,"23":0,"24":0,"25":0,"26":0,"27":0,"28":0,"29":0,"30":0,"31":0,"32":0,"33":0,"34":0,"35":0,"36":0,"37":0,"38":0,"39":0,"40":0,"41":0,"42":0,"43":0,"44":0,"45":0,"46":0,"47":0,"48":0,"49":0,"50":0,"51":0,"52":0,"53":0,"54":0,"55":0,"56":0,"57":0,"58":0,"59":0},"f":{"0":0,"1":0,"2":0,"3":0,"4":0,"5":0,"6":0,"7":0,"8":0,"9":0,"10":0,"11":0},"b":{"0":[0,0],"1":[0,0],"2":[0,0],"3":[0,0],"4":[0,0],"5":[0,0],"6":[0,0],"7":[0,0],"8":[0,0],"9":[0,0],"10":[0,0],"11":[0,0],"12":[0,0],"13":[0,0]},"meta":{"lastBranch":14,"lastFunction":12,"lastStatement":60,"seen":{"f:19:22:19:Infinity":0,"s:25:23:25:Infinity":0,"b:26:2:30:Infinity:undefined:undefined:undefined:undefined":0,"s:26:2:30:Infinity":1,"s:27:4:29:Infinity":2,"s:33:8:33:Infinity":3,"s:34:18:34:Infinity":4,"s:35:16:35:Infinity":5,"s:36:14:36:Infinity":6,"s:38:29:45:Infinity":7,"s:48:23:48:Infinity":8,"s:49:29:49:Infinity":9,"b:49:44:49:71:49:71:49:Infinity":1,"s:50:2:50:Infinity":10,"s:53:2:57:Infinity":11,"s:60:2:63:Infinity":12,"f:73:22:73:Infinity":1,"s:77:15:77:Infinity":13,"b:78:2:80:Infinity:undefined:undefined:undefined:undefined":2,"s:78:2:80:Infinity":14,"s:79:4:79:Infinity":15,"s:81:2:81:Infinity":16,"f:92:22:92:Infinity":2,"s:96:18:96:Infinity":17,"s:97:16:97:Infinity":18,"b:99:2:101:Infinity:undefined:undefined:undefined:undefined":3,"s:99:2:101:Infinity":19,"s:100:4:100:Infinity":20,"s:103:21:103:Infinity":21,"b:106:2:108:Infinity:undefined:undefined:undefined:undefined":4,"s:106:2:108:Infinity":22,"b:106:6:106:21:106:21:106:43":5,"s:107:4:107:Infinity":23,"s:110:2:110:Infinity":24,"f:120:22:120:Infinity":3,"s:124:23:124:Infinity":25,"b:125:2:127:Infinity:undefined:undefined:undefined:undefined":6,"s:125:2:127:Infinity":26,"s:126:4:126:Infinity":27,"s:129:27:129:Infinity":28,"s:132:15:134:Infinity":29,"f:133:15:133:16":4,"s:133:26:133:50":30,"s:137:2:139:Infinity":31,"f:138:12:138:13":5,"s:138:36:138:48":32,"f:139:9:139:10":6,"s:139:18:139:35":33,"f:150:22:150:Infinity":7,"s:155:21:155:Infinity":34,"b:156:2:158:Infinity:undefined:undefined:undefined:undefined":7,"s:156:2:158:Infinity":35,"s:157:4:157:Infinity":36,"b:161:2:163:Infinity:undefined:undefined:undefined:undefined":8,"s:161:2:163:Infinity":37,"s:162:4:162:Infinity":38,"b:164:2:166:Infinity:undefined:undefined:undefined:undefined":9,"s:164:2:166:Infinity":39,"s:165:4:165:Infinity":40,"s:169:2:169:Infinity":41,"s:171:2:171:Infinity":42,"f:181:22:181:Infinity":8,"s:185:21:185:Infinity":43,"b:186:2:188:Infinity:undefined:undefined:undefined:undefined":10,"s:186:2:188:Infinity":44,"s:187:4:187:Infinity":45,"s:191:23:191:Infinity":46,"b:192:2:199:Infinity:undefined:undefined:undefined:undefined":11,"s:192:2:199:Infinity":47,"s:193:31:193:Infinity":48,"s:194:24:194:Infinity":49,"f:194:40:194:41":9,"s:194:48:194:60":50,"s:195:4:198:Infinity":51,"s:202:2:205:Infinity":52,"s:207:2:207:Infinity":53,"f:216:22:216:Infinity":10,"s:220:21:220:Infinity":54,"b:221:2:223:Infinity:undefined:undefined:undefined:undefined":12,"s:221:2:223:Infinity":55,"s:222:4:222:Infinity":56,"s:225:2:225:Infinity":57,"s:227:2:227:Infinity":58,"f:237:16:237:Infinity":11,"s:241:2:251:Infinity":59,"b:245:16:246:Infinity:247:8:247:Infinity":13}}}
,"/Users/fukudatomohiro/DevCode/img-worker/src/api-keys/routes.ts": {"path":"/Users/fukudatomohiro/DevCode/img-worker/src/api-keys/routes.ts","statementMap":{"0":{"start":{"line":15,"column":27},"end":{"line":20,"column":null}},"1":{"start":{"line":22,"column":27},"end":{"line":29,"column":null}},"2":{"start":{"line":31,"column":19},"end":{"line":31,"column":null}},"3":{"start":{"line":37,"column":18},"end":{"line":37,"column":null}},"4":{"start":{"line":39,"column":2},"end":{"line":47,"column":null}},"5":{"start":{"line":40,"column":4},"end":{"line":46,"column":null}},"6":{"start":{"line":50,"column":2},"end":{"line":50,"column":null}},"7":{"start":{"line":52,"column":2},"end":{"line":52,"column":null}},"8":{"start":{"line":56,"column":0},"end":{"line":56,"column":null}},"9":{"start":{"line":62,"column":0},"end":{"line":79,"column":null}},"10":{"start":{"line":63,"column":2},"end":{"line":78,"column":null}},"11":{"start":{"line":64,"column":19},"end":{"line":64,"column":null}},"12":{"start":{"line":66,"column":20},"end":{"line":66,"column":null}},"13":{"start":{"line":68,"column":4},"end":{"line":68,"column":null}},"14":{"start":{"line":70,"column":4},"end":{"line":70,"column":null}},"15":{"start":{"line":71,"column":4},"end":{"line":77,"column":null}},"16":{"start":{"line":85,"column":0},"end":{"line":131,"column":null}},"17":{"start":{"line":86,"column":2},"end":{"line":130,"column":null}},"18":{"start":{"line":87,"column":19},"end":{"line":87,"column":null}},"19":{"start":{"line":88,"column":17},"end":{"line":88,"column":null}},"20":{"start":{"line":89,"column":23},"end":{"line":89,"column":null}},"21":{"start":{"line":91,"column":4},"end":{"line":102,"column":null}},"22":{"start":{"line":93,"column":8},"end":{"line":94,"column":null}},"23":{"start":{"line":95,"column":6},"end":{"line":101,"column":null}},"24":{"start":{"line":104,"column":21},"end":{"line":104,"column":null}},"25":{"start":{"line":106,"column":26},"end":{"line":106,"column":null}},"26":{"start":{"line":108,"column":4},"end":{"line":108,"column":null}},"27":{"start":{"line":110,"column":4},"end":{"line":110,"column":null}},"28":{"start":{"line":113,"column":4},"end":{"line":121,"column":null}},"29":{"start":{"line":114,"column":6},"end":{"line":120,"column":null}},"30":{"start":{"line":123,"column":4},"end":{"line":129,"column":null}},"31":{"start":{"line":137,"column":0},"end":{"line":176,"column":null}},"32":{"start":{"line":138,"column":2},"end":{"line":175,"column":null}},"33":{"start":{"line":139,"column":19},"end":{"line":139,"column":null}},"34":{"start":{"line":140,"column":18},"end":{"line":140,"column":null}},"35":{"start":{"line":142,"column":19},"end":{"line":142,"column":null}},"36":{"start":{"line":144,"column":4},"end":{"line":152,"column":null}},"37":{"start":{"line":145,"column":6},"end":{"line":151,"column":null}},"38":{"start":{"line":155,"column":4},"end":{"line":163,"column":null}},"39":{"start":{"line":156,"column":6},"end":{"line":162,"column":null}},"40":{"start":{"line":165,"column":4},"end":{"line":165,"column":null}},"41":{"start":{"line":167,"column":4},"end":{"line":167,"column":null}},"42":{"start":{"line":168,"column":4},"end":{"line":174,"column":null}},"43":{"start":{"line":182,"column":0},"end":{"line":251,"column":null}},"44":{"start":{"line":183,"column":2},"end":{"line":250,"column":null}},"45":{"start":{"line":184,"column":19},"end":{"line":184,"column":null}},"46":{"start":{"line":185,"column":18},"end":{"line":185,"column":null}},"47":{"start":{"line":186,"column":17},"end":{"line":186,"column":null}},"48":{"start":{"line":187,"column":23},"end":{"line":187,"column":null}},"49":{"start":{"line":189,"column":4},"end":{"line":200,"column":null}},"50":{"start":{"line":191,"column":8},"end":{"line":192,"column":null}},"51":{"start":{"line":193,"column":6},"end":{"line":199,"column":null}},"52":{"start":{"line":203,"column":24},"end":{"line":203,"column":null}},"53":{"start":{"line":204,"column":4},"end":{"line":212,"column":null}},"54":{"start":{"line":205,"column":6},"end":{"line":211,"column":null}},"55":{"start":{"line":214,"column":4},"end":{"line":222,"column":null}},"56":{"start":{"line":215,"column":6},"end":{"line":221,"column":null}},"57":{"start":{"line":224,"column":23},"end":{"line":228,"column":null}},"58":{"start":{"line":230,"column":4},"end":{"line":238,"column":null}},"59":{"start":{"line":231,"column":6},"end":{"line":237,"column":null}},"60":{"start":{"line":240,"column":4},"end":{"line":240,"column":null}},"61":{"start":{"line":242,"column":4},"end":{"line":242,"column":null}},"62":{"start":{"line":243,"column":4},"end":{"line":249,"column":null}},"63":{"start":{"line":257,"column":0},"end":{"line":307,"column":null}},"64":{"start":{"line":258,"column":2},"end":{"line":306,"column":null}},"65":{"start":{"line":259,"column":19},"end":{"line":259,"column":null}},"66":{"start":{"line":260,"column":18},"end":{"line":260,"column":null}},"67":{"start":{"line":263,"column":24},"end":{"line":263,"column":null}},"68":{"start":{"line":264,"column":4},"end":{"line":272,"column":null}},"69":{"start":{"line":265,"column":6},"end":{"line":271,"column":null}},"70":{"start":{"line":274,"column":4},"end":{"line":282,"column":null}},"71":{"start":{"line":275,"column":6},"end":{"line":281,"column":null}},"72":{"start":{"line":284,"column":20},"end":{"line":284,"column":null}},"73":{"start":{"line":286,"column":4},"end":{"line":294,"column":null}},"74":{"start":{"line":287,"column":6},"end":{"line":293,"column":null}},"75":{"start":{"line":296,"column":4},"end":{"line":296,"column":null}},"76":{"start":{"line":298,"column":4},"end":{"line":298,"column":null}},"77":{"start":{"line":299,"column":4},"end":{"line":305,"column":null}}},"fnMap":{"0":{"name":"requireSession","decl":{"start":{"line":36,"column":15},"end":{"line":36,"column":30}},"loc":{"start":{"line":36,"column":49},"end":{"line":53,"column":null}},"line":36},"1":{"name":"(anonymous_1)","decl":{"start":{"line":62,"column":20},"end":{"line":62,"column":27}},"loc":{"start":{"line":62,"column":33},"end":{"line":79,"column":1}},"line":62},"2":{"name":"(anonymous_2)","decl":{"start":{"line":85,"column":21},"end":{"line":85,"column":28}},"loc":{"start":{"line":85,"column":34},"end":{"line":131,"column":1}},"line":85},"3":{"name":"(anonymous_3)","decl":{"start":{"line":137,"column":26},"end":{"line":137,"column":33}},"loc":{"start":{"line":137,"column":39},"end":{"line":176,"column":1}},"line":137},"4":{"name":"(anonymous_4)","decl":{"start":{"line":182,"column":28},"end":{"line":182,"column":35}},"loc":{"start":{"line":182,"column":41},"end":{"line":251,"column":1}},"line":182},"5":{"name":"(anonymous_5)","decl":{"start":{"line":257,"column":29},"end":{"line":257,"column":36}},"loc":{"start":{"line":257,"column":42},"end":{"line":307,"column":1}},"line":257}},"branchMap":{"0":{"loc":{"start":{"line":39,"column":2},"end":{"line":47,"column":null}},"type":"if","locations":[{"start":{"line":39,"column":2},"end":{"line":47,"column":null}},{"start":{},"end":{}}],"line":39},"1":{"loc":{"start":{"line":91,"column":4},"end":{"line":102,"column":null}},"type":"if","locations":[{"start":{"line":91,"column":4},"end":{"line":102,"column":null}},{"start":{},"end":{}}],"line":91},"2":{"loc":{"start":{"line":93,"column":8},"end":{"line":94,"column":null}},"type":"binary-expr","locations":[{"start":{"line":93,"column":8},"end":{"line":93,"column":null}},{"start":{"line":94,"column":8},"end":{"line":94,"column":null}}],"line":93},"3":{"loc":{"start":{"line":113,"column":4},"end":{"line":121,"column":null}},"type":"if","locations":[{"start":{"line":113,"column":4},"end":{"line":121,"column":null}},{"start":{},"end":{}}],"line":113},"4":{"loc":{"start":{"line":113,"column":8},"end":{"line":113,"column":66}},"type":"binary-expr","locations":[{"start":{"line":113,"column":8},"end":{"line":113,"column":34}},{"start":{"line":113,"column":34},"end":{"line":113,"column":66}}],"line":113},"5":{"loc":{"start":{"line":144,"column":4},"end":{"line":152,"column":null}},"type":"if","locations":[{"start":{"line":144,"column":4},"end":{"line":152,"column":null}},{"start":{},"end":{}}],"line":144},"6":{"loc":{"start":{"line":155,"column":4},"end":{"line":163,"column":null}},"type":"if","locations":[{"start":{"line":155,"column":4},"end":{"line":163,"column":null}},{"start":{},"end":{}}],"line":155},"7":{"loc":{"start":{"line":189,"column":4},"end":{"line":200,"column":null}},"type":"if","locations":[{"start":{"line":189,"column":4},"end":{"line":200,"column":null}},{"start":{},"end":{}}],"line":189},"8":{"loc":{"start":{"line":191,"column":8},"end":{"line":192,"column":null}},"type":"binary-expr","locations":[{"start":{"line":191,"column":8},"end":{"line":191,"column":null}},{"start":{"line":192,"column":8},"end":{"line":192,"column":null}}],"line":191},"9":{"loc":{"start":{"line":204,"column":4},"end":{"line":212,"column":null}},"type":"if","locations":[{"start":{"line":204,"column":4},"end":{"line":212,"column":null}},{"start":{},"end":{}}],"line":204},"10":{"loc":{"start":{"line":214,"column":4},"end":{"line":222,"column":null}},"type":"if","locations":[{"start":{"line":214,"column":4},"end":{"line":222,"column":null}},{"start":{},"end":{}}],"line":214},"11":{"loc":{"start":{"line":230,"column":4},"end":{"line":238,"column":null}},"type":"if","locations":[{"start":{"line":230,"column":4},"end":{"line":238,"column":null}},{"start":{},"end":{}}],"line":230},"12":{"loc":{"start":{"line":264,"column":4},"end":{"line":272,"column":null}},"type":"if","locations":[{"start":{"line":264,"column":4},"end":{"line":272,"column":null}},{"start":{},"end":{}}],"line":264},"13":{"loc":{"start":{"line":274,"column":4},"end":{"line":282,"column":null}},"type":"if","locations":[{"start":{"line":274,"column":4},"end":{"line":282,"column":null}},{"start":{},"end":{}}],"line":274},"14":{"loc":{"start":{"line":286,"column":4},"end":{"line":294,"column":null}},"type":"if","locations":[{"start":{"line":286,"column":4},"end":{"line":294,"column":null}},{"start":{},"end":{}}],"line":286}},"s":{"0":0,"1":0,"2":0,"3":0,"4":0,"5":0,"6":0,"7":0,"8":0,"9":0,"10":0,"11":0,"12":0,"13":0,"14":0,"15":0,"16":0,"17":0,"18":0,"19":0,"20":0,"21":0,"22":0,"23":0,"24":0,"25":0,"26":0,"27":0,"28":0,"29":0,"30":0,"31":0,"32":0,"33":0,"34":0,"35":0,"36":0,"37":0,"38":0,"39":0,"40":0,"41":0,"42":0,"43":0,"44":0,"45":0,"46":0,"47":0,"48":0,"49":0,"50":0,"51":0,"52":0,"53":0,"54":0,"55":0,"56":0,"57":0,"58":0,"59":0,"60":0,"61":0,"62":0,"63":0,"64":0,"65":0,"66":0,"67":0,"68":0,"69":0,"70":0,"71":0,"72":0,"73":0,"74":0,"75":0,"76":0,"77":0},"f":{"0":0,"1":0,"2":0,"3":0,"4":0,"5":0},"b":{"0":[0,0],"1":[0,0],"2":[0,0],"3":[0,0],"4":[0,0],"5":[0,0],"6":[0,0],"7":[0,0],"8":[0,0],"9":[0,0],"10":[0,0],"11":[0,0],"12":[0,0],"13":[0,0],"14":[0,0]},"meta":{"lastBranch":15,"lastFunction":6,"lastStatement":78,"seen":{"s:15:27:20:Infinity":0,"s:22:27:29:Infinity":1,"s:31:19:31:Infinity":2,"f:36:15:36:30":0,"s:37:18:37:Infinity":3,"b:39:2:47:Infinity:undefined:undefined:undefined:undefined":0,"s:39:2:47:Infinity":4,"s:40:4:46:Infinity":5,"s:50:2:50:Infinity":6,"s:52:2:52:Infinity":7,"s:56:0:56:Infinity":8,"s:62:0:79:Infinity":9,"f:62:20:62:27":1,"s:63:2:78:Infinity":10,"s:64:19:64:Infinity":11,"s:66:20:66:Infinity":12,"s:68:4:68:Infinity":13,"s:70:4:70:Infinity":14,"s:71:4:77:Infinity":15,"s:85:0:131:Infinity":16,"f:85:21:85:28":2,"s:86:2:130:Infinity":17,"s:87:19:87:Infinity":18,"s:88:17:88:Infinity":19,"s:89:23:89:Infinity":20,"b:91:4:102:Infinity:undefined:undefined:undefined:undefined":1,"s:91:4:102:Infinity":21,"s:93:8:94:Infinity":22,"b:93:8:93:Infinity:94:8:94:Infinity":2,"s:95:6:101:Infinity":23,"s:104:21:104:Infinity":24,"s:106:26:106:Infinity":25,"s:108:4:108:Infinity":26,"s:110:4:110:Infinity":27,"b:113:4:121:Infinity:undefined:undefined:undefined:undefined":3,"s:113:4:121:Infinity":28,"b:113:8:113:34:113:34:113:66":4,"s:114:6:120:Infinity":29,"s:123:4:129:Infinity":30,"s:137:0:176:Infinity":31,"f:137:26:137:33":3,"s:138:2:175:Infinity":32,"s:139:19:139:Infinity":33,"s:140:18:140:Infinity":34,"s:142:19:142:Infinity":35,"b:144:4:152:Infinity:undefined:undefined:undefined:undefined":5,"s:144:4:152:Infinity":36,"s:145:6:151:Infinity":37,"b:155:4:163:Infinity:undefined:undefined:undefined:undefined":6,"s:155:4:163:Infinity":38,"s:156:6:162:Infinity":39,"s:165:4:165:Infinity":40,"s:167:4:167:Infinity":41,"s:168:4:174:Infinity":42,"s:182:0:251:Infinity":43,"f:182:28:182:35":4,"s:183:2:250:Infinity":44,"s:184:19:184:Infinity":45,"s:185:18:185:Infinity":46,"s:186:17:186:Infinity":47,"s:187:23:187:Infinity":48,"b:189:4:200:Infinity:undefined:undefined:undefined:undefined":7,"s:189:4:200:Infinity":49,"s:191:8:192:Infinity":50,"b:191:8:191:Infinity:192:8:192:Infinity":8,"s:193:6:199:Infinity":51,"s:203:24:203:Infinity":52,"b:204:4:212:Infinity:undefined:undefined:undefined:undefined":9,"s:204:4:212:Infinity":53,"s:205:6:211:Infinity":54,"b:214:4:222:Infinity:undefined:undefined:undefined:undefined":10,"s:214:4:222:Infinity":55,"s:215:6:221:Infinity":56,"s:224:23:228:Infinity":57,"b:230:4:238:Infinity:undefined:undefined:undefined:undefined":11,"s:230:4:238:Infinity":58,"s:231:6:237:Infinity":59,"s:240:4:240:Infinity":60,"s:242:4:242:Infinity":61,"s:243:4:249:Infinity":62,"s:257:0:307:Infinity":63,"f:257:29:257:36":5,"s:258:2:306:Infinity":64,"s:259:19:259:Infinity":65,"s:260:18:260:Infinity":66,"s:263:24:263:Infinity":67,"b:264:4:272:Infinity:undefined:undefined:undefined:undefined":12,"s:264:4:272:Infinity":68,"s:265:6:271:Infinity":69,"b:274:4:282:Infinity:undefined:undefined:undefined:undefined":13,"s:274:4:282:Infinity":70,"s:275:6:281:Infinity":71,"s:284:20:284:Infinity":72,"b:286:4:294:Infinity:undefined:undefined:undefined:undefined":14,"s:286:4:294:Infinity":73,"s:287:6:293:Infinity":74,"s:296:4:296:Infinity":75,"s:298:4:298:Infinity":76,"s:299:4:305:Infinity":77}}}
,"/Users/fukudatomohiro/DevCode/img-worker/src/api-keys/types.ts": {"path":"/Users/fukudatomohiro/DevCode/img-worker/src/api-keys/types.ts","statementMap":{"0":{"start":{"line":83,"column":23},"end":{"line":92,"column":null}},"1":{"start":{"line":85,"column":33},"end":{"line":85,"column":null}},"2":{"start":{"line":88,"column":37},"end":{"line":88,"column":null}},"3":{"start":{"line":91,"column":35},"end":{"line":91,"column":null}},"4":{"start":{"line":97,"column":37},"end":{"line":97,"column":null}},"5":{"start":{"line":102,"column":30},"end":{"line":102,"column":null}}},"fnMap":{"0":{"name":"(anonymous_0)","decl":{"start":{"line":85,"column":14},"end":{"line":85,"column":15}},"loc":{"start":{"line":85,"column":33},"end":{"line":85,"column":null}},"line":85},"1":{"name":"(anonymous_1)","decl":{"start":{"line":88,"column":16},"end":{"line":88,"column":17}},"loc":{"start":{"line":88,"column":37},"end":{"line":88,"column":null}},"line":88},"2":{"name":"(anonymous_2)","decl":{"start":{"line":91,"column":15},"end":{"line":91,"column":16}},"loc":{"start":{"line":91,"column":35},"end":{"line":91,"column":null}},"line":91}},"branchMap":{},"s":{"0":0,"1":0,"2":0,"3":0,"4":0,"5":0},"f":{"0":0,"1":0,"2":0},"b":{},"meta":{"lastBranch":0,"lastFunction":3,"lastStatement":6,"seen":{"s:83:23:92:Infinity":0,"f:85:14:85:15":0,"s:85:33:85:Infinity":1,"f:88:16:88:17":1,"s:88:37:88:Infinity":2,"f:91:15:91:16":2,"s:91:35:91:Infinity":3,"s:97:37:97:Infinity":4,"s:102:30:102:Infinity":5}}}
,"/Users/fukudatomohiro/DevCode/img-worker/src/api-keys/utils.ts": {"path":"/Users/fukudatomohiro/DevCode/img-worker/src/api-keys/utils.ts","statementMap":{"0":{"start":{"line":11,"column":16},"end":{"line":11,"column":null}},"1":{"start":{"line":14,"column":2},"end":{"line":16,"column":null}},"2":{"start":{"line":15,"column":16},"end":{"line":15,"column":47}},"3":{"start":{"line":27,"column":18},"end":{"line":27,"column":null}},"4":{"start":{"line":28,"column":15},"end":{"line":28,"column":null}},"5":{"start":{"line":29,"column":21},"end":{"line":29,"column":null}},"6":{"start":{"line":30,"column":20},"end":{"line":30,"column":null}},"7":{"start":{"line":32,"column":2},"end":{"line":34,"column":null}},"8":{"start":{"line":33,"column":16},"end":{"line":33,"column":47}},"9":{"start":{"line":45,"column":2},"end":{"line":48,"column":null}},"10":{"start":{"line":47,"column":4},"end":{"line":47,"column":null}},"11":{"start":{"line":51,"column":22},"end":{"line":51,"column":null}},"12":{"start":{"line":52,"column":2},"end":{"line":52,"column":null}}},"fnMap":{"0":{"name":"generateApiKey","decl":{"start":{"line":9,"column":16},"end":{"line":9,"column":41}},"loc":{"start":{"line":9,"column":41},"end":{"line":17,"column":null}},"line":9},"1":{"name":"(anonymous_1)","decl":{"start":{"line":15,"column":9},"end":{"line":15,"column":10}},"loc":{"start":{"line":15,"column":16},"end":{"line":15,"column":47}},"line":15},"2":{"name":"hashApiKey","decl":{"start":{"line":26,"column":22},"end":{"line":26,"column":33}},"loc":{"start":{"line":26,"column":66},"end":{"line":35,"column":null}},"line":26},"3":{"name":"(anonymous_3)","decl":{"start":{"line":33,"column":9},"end":{"line":33,"column":10}},"loc":{"start":{"line":33,"column":16},"end":{"line":33,"column":47}},"line":33},"4":{"name":"createKeyPreview","decl":{"start":{"line":44,"column":16},"end":{"line":44,"column":33}},"loc":{"start":{"line":44,"column":57},"end":{"line":53,"column":null}},"line":44}},"branchMap":{"0":{"loc":{"start":{"line":45,"column":2},"end":{"line":48,"column":null}},"type":"if","locations":[{"start":{"line":45,"column":2},"end":{"line":48,"column":null}},{"start":{},"end":{}}],"line":45}},"s":{"0":0,"1":0,"2":0,"3":0,"4":0,"5":0,"6":0,"7":0,"8":0,"9":0,"10":0,"11":0,"12":0},"f":{"0":0,"1":0,"2":0,"3":0,"4":0},"b":{"0":[0,0]},"meta":{"lastBranch":1,"lastFunction":5,"lastStatement":13,"seen":{"f:9:16:9:41":0,"s:11:16:11:Infinity":0,"s:14:2:16:Infinity":1,"f:15:9:15:10":1,"s:15:16:15:47":2,"f:26:22:26:33":2,"s:27:18:27:Infinity":3,"s:28:15:28:Infinity":4,"s:29:21:29:Infinity":5,"s:30:20:30:Infinity":6,"s:32:2:34:Infinity":7,"f:33:9:33:10":3,"s:33:16:33:47":8,"f:44:16:44:33":4,"b:45:2:48:Infinity:undefined:undefined:undefined:undefined":0,"s:45:2:48:Infinity":9,"s:47:4:47:Infinity":10,"s:51:22:51:Infinity":11,"s:52:2:52:Infinity":12}}}
,"/Users/fukudatomohiro/DevCode/img-worker/src/auth/password-validator.ts": {"path":"/Users/fukudatomohiro/DevCode/img-worker/src/auth/password-validator.ts","statementMap":{"0":{"start":{"line":23,"column":27},"end":{"line":23,"column":null}},"1":{"start":{"line":26,"column":2},"end":{"line":36,"column":null}},"2":{"start":{"line":27,"column":4},"end":{"line":27,"column":null}},"3":{"start":{"line":28,"column":4},"end":{"line":28,"column":null}},"4":{"start":{"line":29,"column":4},"end":{"line":29,"column":null}},"5":{"start":{"line":30,"column":4},"end":{"line":30,"column":null}},"6":{"start":{"line":31,"column":4},"end":{"line":31,"column":null}},"7":{"start":{"line":32,"column":4},"end":{"line":35,"column":null}},"8":{"start":{"line":39,"column":14},"end":{"line":39,"column":null}},"9":{"start":{"line":42,"column":2},"end":{"line":44,"column":null}},"10":{"start":{"line":43,"column":4},"end":{"line":43,"column":null}},"11":{"start":{"line":47,"column":2},"end":{"line":49,"column":null}},"12":{"start":{"line":48,"column":4},"end":{"line":48,"column":null}},"13":{"start":{"line":52,"column":2},"end":{"line":54,"column":null}},"14":{"start":{"line":53,"column":4},"end":{"line":53,"column":null}},"15":{"start":{"line":57,"column":2},"end":{"line":59,"column":null}},"16":{"start":{"line":58,"column":4},"end":{"line":58,"column":null}},"17":{"start":{"line":63,"column":2},"end":{"line":65,"column":null}},"18":{"start":{"line":64,"column":4},"end":{"line":64,"column":null}},"19":{"start":{"line":67,"column":2},"end":{"line":70,"column":null}},"20":{"start":{"line":80,"column":2},"end":{"line":80,"column":null}},"21":{"start":{"line":80,"column":17},"end":{"line":80,"column":null}},"22":{"start":{"line":82,"column":17},"end":{"line":82,"column":null}},"23":{"start":{"line":83,"column":14},"end":{"line":83,"column":null}},"24":{"start":{"line":86,"column":2},"end":{"line":86,"column":null}},"25":{"start":{"line":86,"column":23},"end":{"line":86,"column":null}},"26":{"start":{"line":87,"column":2},"end":{"line":87,"column":null}},"27":{"start":{"line":87,"column":24},"end":{"line":87,"column":null}},"28":{"start":{"line":90,"column":2},"end":{"line":90,"column":null}},"29":{"start":{"line":90,"column":46},"end":{"line":90,"column":null}},"30":{"start":{"line":91,"column":2},"end":{"line":91,"column":null}},"31":{"start":{"line":91,"column":25},"end":{"line":91,"column":null}},"32":{"start":{"line":92,"column":2},"end":{"line":92,"column":null}},"33":{"start":{"line":92,"column":53},"end":{"line":92,"column":null}},"34":{"start":{"line":95,"column":2},"end":{"line":95,"column":null}},"35":{"start":{"line":105,"column":17},"end":{"line":105,"column":null}},"36":{"start":{"line":106,"column":2},"end":{"line":106,"column":null}}},"fnMap":{"0":{"name":"validatePassword","decl":{"start":{"line":22,"column":16},"end":{"line":22,"column":33}},"loc":{"start":{"line":22,"column":77},"end":{"line":71,"column":null}},"line":22},"1":{"name":"calculatePasswordStrength","decl":{"start":{"line":79,"column":16},"end":{"line":79,"column":42}},"loc":{"start":{"line":79,"column":68},"end":{"line":96,"column":null}},"line":79},"2":{"name":"getPasswordStrengthLabel","decl":{"start":{"line":104,"column":16},"end":{"line":104,"column":41}},"loc":{"start":{"line":104,"column":67},"end":{"line":107,"column":null}},"line":104}},"branchMap":{"0":{"loc":{"start":{"line":26,"column":2},"end":{"line":36,"column":null}},"type":"if","locations":[{"start":{"line":26,"column":2},"end":{"line":36,"column":null}},{"start":{},"end":{}}],"line":26},"1":{"loc":{"start":{"line":26,"column":6},"end":{"line":26,"column":51}},"type":"binary-expr","locations":[{"start":{"line":26,"column":6},"end":{"line":26,"column":27}},{"start":{"line":26,"column":27},"end":{"line":26,"column":51}}],"line":26},"2":{"loc":{"start":{"line":42,"column":2},"end":{"line":44,"column":null}},"type":"if","locations":[{"start":{"line":42,"column":2},"end":{"line":44,"column":null}},{"start":{},"end":{}}],"line":42},"3":{"loc":{"start":{"line":47,"column":2},"end":{"line":49,"column":null}},"type":"if","locations":[{"start":{"line":47,"column":2},"end":{"line":49,"column":null}},{"start":{},"end":{}}],"line":47},"4":{"loc":{"start":{"line":52,"column":2},"end":{"line":54,"column":null}},"type":"if","locations":[{"start":{"line":52,"column":2},"end":{"line":54,"column":null}},{"start":{},"end":{}}],"line":52},"5":{"loc":{"start":{"line":57,"column":2},"end":{"line":59,"column":null}},"type":"if","locations":[{"start":{"line":57,"column":2},"end":{"line":59,"column":null}},{"start":{},"end":{}}],"line":57},"6":{"loc":{"start":{"line":63,"column":2},"end":{"line":65,"column":null}},"type":"if","locations":[{"start":{"line":63,"column":2},"end":{"line":65,"column":null}},{"start":{},"end":{}}],"line":63},"7":{"loc":{"start":{"line":80,"column":2},"end":{"line":80,"column":null}},"type":"if","locations":[{"start":{"line":80,"column":2},"end":{"line":80,"column":null}},{"start":{},"end":{}}],"line":80},"8":{"loc":{"start":{"line":86,"column":2},"end":{"line":86,"column":null}},"type":"if","locations":[{"start":{"line":86,"column":2},"end":{"line":86,"column":null}},{"start":{},"end":{}}],"line":86},"9":{"loc":{"start":{"line":87,"column":2},"end":{"line":87,"column":null}},"type":"if","locations":[{"start":{"line":87,"column":2},"end":{"line":87,"column":null}},{"start":{},"end":{}}],"line":87},"10":{"loc":{"start":{"line":90,"column":2},"end":{"line":90,"column":null}},"type":"if","locations":[{"start":{"line":90,"column":2},"end":{"line":90,"column":null}},{"start":{},"end":{}}],"line":90},"11":{"loc":{"start":{"line":90,"column":6},"end":{"line":90,"column":46}},"type":"binary-expr","locations":[{"start":{"line":90,"column":6},"end":{"line":90,"column":27}},{"start":{"line":90,"column":27},"end":{"line":90,"column":46}}],"line":90},"12":{"loc":{"start":{"line":91,"column":2},"end":{"line":91,"column":null}},"type":"if","locations":[{"start":{"line":91,"column":2},"end":{"line":91,"column":null}},{"start":{},"end":{}}],"line":91},"13":{"loc":{"start":{"line":92,"column":2},"end":{"line":92,"column":null}},"type":"if","locations":[{"start":{"line":92,"column":2},"end":{"line":92,"column":null}},{"start":{},"end":{}}],"line":92}},"s":{"0":0,"1":0,"2":0,"3":0,"4":0,"5":0,"6":0,"7":0,"8":0,"9":0,"10":0,"11":0,"12":0,"13":0,"14":0,"15":0,"16":0,"17":0,"18":0,"19":0,"20":0,"21":0,"22":0,"23":0,"24":0,"25":0,"26":0,"27":0,"28":0,"29":0,"30":0,"31":0,"32":0,"33":0,"34":0,"35":0,"36":0},"f":{"0":0,"1":0,"2":0},"b":{"0":[0,0],"1":[0,0],"2":[0,0],"3":[0,0],"4":[0,0],"5":[0,0],"6":[0,0],"7":[0,0],"8":[0,0],"9":[0,0],"10":[0,0],"11":[0,0],"12":[0,0],"13":[0,0]},"meta":{"lastBranch":14,"lastFunction":3,"lastStatement":37,"seen":{"f:22:16:22:33":0,"s:23:27:23:Infinity":0,"b:26:2:36:Infinity:undefined:undefined:undefined:undefined":0,"s:26:2:36:Infinity":1,"b:26:6:26:27:26:27:26:51":1,"s:27:4:27:Infinity":2,"s:28:4:28:Infinity":3,"s:29:4:29:Infinity":4,"s:30:4:30:Infinity":5,"s:31:4:31:Infinity":6,"s:32:4:35:Infinity":7,"s:39:14:39:Infinity":8,"b:42:2:44:Infinity:undefined:undefined:undefined:undefined":2,"s:42:2:44:Infinity":9,"s:43:4:43:Infinity":10,"b:47:2:49:Infinity:undefined:undefined:undefined:undefined":3,"s:47:2:49:Infinity":11,"s:48:4:48:Infinity":12,"b:52:2:54:Infinity:undefined:undefined:undefined:undefined":4,"s:52:2:54:Infinity":13,"s:53:4:53:Infinity":14,"b:57:2:59:Infinity:undefined:undefined:undefined:undefined":5,"s:57:2:59:Infinity":15,"s:58:4:58:Infinity":16,"b:63:2:65:Infinity:undefined:undefined:undefined:undefined":6,"s:63:2:65:Infinity":17,"s:64:4:64:Infinity":18,"s:67:2:70:Infinity":19,"f:79:16:79:42":1,"b:80:2:80:Infinity:undefined:undefined:undefined:undefined":7,"s:80:2:80:Infinity":20,"s:80:17:80:Infinity":21,"s:82:17:82:Infinity":22,"s:83:14:83:Infinity":23,"b:86:2:86:Infinity:undefined:undefined:undefined:undefined":8,"s:86:2:86:Infinity":24,"s:86:23:86:Infinity":25,"b:87:2:87:Infinity:undefined:undefined:undefined:undefined":9,"s:87:2:87:Infinity":26,"s:87:24:87:Infinity":27,"b:90:2:90:Infinity:undefined:undefined:undefined:undefined":10,"s:90:2:90:Infinity":28,"b:90:6:90:27:90:27:90:46":11,"s:90:46:90:Infinity":29,"b:91:2:91:Infinity:undefined:undefined:undefined:undefined":12,"s:91:2:91:Infinity":30,"s:91:25:91:Infinity":31,"b:92:2:92:Infinity:undefined:undefined:undefined:undefined":13,"s:92:2:92:Infinity":32,"s:92:53:92:Infinity":33,"s:95:2:95:Infinity":34,"f:104:16:104:41":2,"s:105:17:105:Infinity":35,"s:106:2:106:Infinity":36}}}
,"/Users/fukudatomohiro/DevCode/img-worker/src/auth/password.ts": {"path":"/Users/fukudatomohiro/DevCode/img-worker/src/auth/password.ts","statementMap":{"0":{"start":{"line":7,"column":35},"end":{"line":7,"column":null}},"1":{"start":{"line":12,"column":20},"end":{"line":12,"column":null}},"2":{"start":{"line":24,"column":8},"end":{"line":24,"column":null}},"3":{"start":{"line":25,"column":2},"end":{"line":28,"column":null}},"4":{"start":{"line":35,"column":2},"end":{"line":35,"column":null}},"5":{"start":{"line":45,"column":2},"end":{"line":45,"column":null}}},"fnMap":{"0":{"name":"validatePasswordStrength","decl":{"start":{"line":20,"column":16},"end":{"line":20,"column":41}},"loc":{"start":{"line":23,"column":2},"end":{"line":29,"column":null}},"line":23},"1":{"name":"hashPassword","decl":{"start":{"line":34,"column":22},"end":{"line":34,"column":35}},"loc":{"start":{"line":34,"column":70},"end":{"line":36,"column":null}},"line":34},"2":{"name":"verifyPassword","decl":{"start":{"line":41,"column":22},"end":{"line":41,"column":null}},"loc":{"start":{"line":44,"column":20},"end":{"line":46,"column":null}},"line":44}},"branchMap":{},"s":{"0":0,"1":0,"2":0,"3":0,"4":0,"5":0},"f":{"0":0,"1":0,"2":0},"b":{},"meta":{"lastBranch":0,"lastFunction":3,"lastStatement":6,"seen":{"s:7:35:7:Infinity":0,"s:12:20:12:Infinity":1,"f:20:16:20:41":0,"s:24:8:24:Infinity":2,"s:25:2:28:Infinity":3,"f:34:22:34:35":1,"s:35:2:35:Infinity":4,"f:41:22:41:Infinity":2,"s:45:2:45:Infinity":5}}}
,"/Users/fukudatomohiro/DevCode/img-worker/src/auth/routes.ts": {"path":"/Users/fukudatomohiro/DevCode/img-worker/src/auth/routes.ts","statementMap":{"0":{"start":{"line":27,"column":23},"end":{"line":32,"column":null}},"1":{"start":{"line":34,"column":20},"end":{"line":37,"column":null}},"2":{"start":{"line":39,"column":35},"end":{"line":41,"column":null}},"3":{"start":{"line":43,"column":35},"end":{"line":48,"column":null}},"4":{"start":{"line":50,"column":16},"end":{"line":50,"column":null}},"5":{"start":{"line":58,"column":0},"end":{"line":138,"column":null}},"6":{"start":{"line":59,"column":2},"end":{"line":137,"column":null}},"7":{"start":{"line":60,"column":17},"end":{"line":60,"column":null}},"8":{"start":{"line":61,"column":23},"end":{"line":61,"column":null}},"9":{"start":{"line":63,"column":4},"end":{"line":73,"column":null}},"10":{"start":{"line":65,"column":8},"end":{"line":65,"column":null}},"11":{"start":{"line":66,"column":6},"end":{"line":72,"column":null}},"12":{"start":{"line":75,"column":32},"end":{"line":75,"column":null}},"13":{"start":{"line":78,"column":10},"end":{"line":78,"column":null}},"14":{"start":{"line":79,"column":4},"end":{"line":90,"column":null}},"15":{"start":{"line":81,"column":8},"end":{"line":81,"column":null}},"16":{"start":{"line":82,"column":6},"end":{"line":89,"column":null}},"17":{"start":{"line":93,"column":25},"end":{"line":93,"column":null}},"18":{"start":{"line":94,"column":4},"end":{"line":102,"column":null}},"19":{"start":{"line":95,"column":6},"end":{"line":101,"column":null}},"20":{"start":{"line":105,"column":25},"end":{"line":105,"column":null}},"21":{"start":{"line":108,"column":17},"end":{"line":108,"column":null}},"22":{"start":{"line":111,"column":33},"end":{"line":115,"column":null}},"23":{"start":{"line":118,"column":4},"end":{"line":118,"column":null}},"24":{"start":{"line":121,"column":4},"end":{"line":127,"column":null}},"25":{"start":{"line":129,"column":4},"end":{"line":129,"column":null}},"26":{"start":{"line":130,"column":4},"end":{"line":136,"column":null}},"27":{"start":{"line":144,"column":0},"end":{"line":212,"column":null}},"28":{"start":{"line":145,"column":2},"end":{"line":211,"column":null}},"29":{"start":{"line":146,"column":17},"end":{"line":146,"column":null}},"30":{"start":{"line":147,"column":23},"end":{"line":147,"column":null}},"31":{"start":{"line":149,"column":4},"end":{"line":159,"column":null}},"32":{"start":{"line":151,"column":8},"end":{"line":151,"column":null}},"33":{"start":{"line":152,"column":6},"end":{"line":158,"column":null}},"34":{"start":{"line":161,"column":32},"end":{"line":161,"column":null}},"35":{"start":{"line":164,"column":17},"end":{"line":164,"column":null}},"36":{"start":{"line":165,"column":4},"end":{"line":173,"column":null}},"37":{"start":{"line":166,"column":6},"end":{"line":172,"column":null}},"38":{"start":{"line":176,"column":20},"end":{"line":176,"column":null}},"39":{"start":{"line":177,"column":4},"end":{"line":185,"column":null}},"40":{"start":{"line":178,"column":6},"end":{"line":184,"column":null}},"41":{"start":{"line":188,"column":33},"end":{"line":192,"column":null}},"42":{"start":{"line":195,"column":4},"end":{"line":195,"column":null}},"43":{"start":{"line":198,"column":4},"end":{"line":201,"column":null}},"44":{"start":{"line":203,"column":4},"end":{"line":203,"column":null}},"45":{"start":{"line":204,"column":4},"end":{"line":210,"column":null}},"46":{"start":{"line":218,"column":0},"end":{"line":239,"column":null}},"47":{"start":{"line":219,"column":2},"end":{"line":238,"column":null}},"48":{"start":{"line":220,"column":20},"end":{"line":220,"column":null}},"49":{"start":{"line":222,"column":4},"end":{"line":224,"column":null}},"50":{"start":{"line":223,"column":6},"end":{"line":223,"column":null}},"51":{"start":{"line":226,"column":4},"end":{"line":226,"column":null}},"52":{"start":{"line":228,"column":4},"end":{"line":228,"column":null}},"53":{"start":{"line":230,"column":4},"end":{"line":230,"column":null}},"54":{"start":{"line":231,"column":4},"end":{"line":237,"column":null}},"55":{"start":{"line":245,"column":0},"end":{"line":289,"column":null}},"56":{"start":{"line":246,"column":2},"end":{"line":288,"column":null}},"57":{"start":{"line":247,"column":20},"end":{"line":247,"column":null}},"58":{"start":{"line":249,"column":4},"end":{"line":257,"column":null}},"59":{"start":{"line":250,"column":6},"end":{"line":256,"column":null}},"60":{"start":{"line":259,"column":17},"end":{"line":259,"column":null}},"61":{"start":{"line":261,"column":4},"end":{"line":269,"column":null}},"62":{"start":{"line":262,"column":6},"end":{"line":268,"column":null}},"63":{"start":{"line":271,"column":4},"end":{"line":278,"column":null}},"64":{"start":{"line":280,"column":4},"end":{"line":280,"column":null}},"65":{"start":{"line":281,"column":4},"end":{"line":287,"column":null}},"66":{"start":{"line":295,"column":0},"end":{"line":413,"column":null}},"67":{"start":{"line":296,"column":2},"end":{"line":412,"column":null}},"68":{"start":{"line":297,"column":17},"end":{"line":297,"column":null}},"69":{"start":{"line":298,"column":23},"end":{"line":298,"column":null}},"70":{"start":{"line":300,"column":4},"end":{"line":310,"column":null}},"71":{"start":{"line":302,"column":8},"end":{"line":302,"column":null}},"72":{"start":{"line":303,"column":6},"end":{"line":309,"column":null}},"73":{"start":{"line":312,"column":22},"end":{"line":312,"column":null}},"74":{"start":{"line":315,"column":17},"end":{"line":315,"column":null}},"75":{"start":{"line":318,"column":4},"end":{"line":323,"column":null}},"76":{"start":{"line":319,"column":6},"end":{"line":322,"column":null}},"77":{"start":{"line":326,"column":23},"end":{"line":330,"column":null}},"78":{"start":{"line":329,"column":18},"end":{"line":329,"column":49}},"79":{"start":{"line":333,"column":20},"end":{"line":333,"column":null}},"80":{"start":{"line":334,"column":17},"end":{"line":334,"column":null}},"81":{"start":{"line":335,"column":23},"end":{"line":335,"column":null}},"82":{"start":{"line":336,"column":22},"end":{"line":336,"column":null}},"83":{"start":{"line":337,"column":22},"end":{"line":339,"column":null}},"84":{"start":{"line":338,"column":18},"end":{"line":338,"column":49}},"85":{"start":{"line":341,"column":20},"end":{"line":341,"column":null}},"86":{"start":{"line":342,"column":4},"end":{"line":350,"column":null}},"87":{"start":{"line":353,"column":20},"end":{"line":353,"column":null}},"88":{"start":{"line":354,"column":21},"end":{"line":354,"column":null}},"89":{"start":{"line":357,"column":4},"end":{"line":359,"column":null}},"90":{"start":{"line":358,"column":6},"end":{"line":358,"column":null}},"91":{"start":{"line":362,"column":4},"end":{"line":362,"column":null}},"92":{"start":{"line":363,"column":4},"end":{"line":363,"column":null}},"93":{"start":{"line":364,"column":4},"end":{"line":364,"column":null}},"94":{"start":{"line":366,"column":4},"end":{"line":392,"column":null}},"95":{"start":{"line":367,"column":6},"end":{"line":367,"column":null}},"96":{"start":{"line":368,"column":6},"end":{"line":387,"column":null}},"97":{"start":{"line":369,"column":28},"end":{"line":374,"column":null}},"98":{"start":{"line":376,"column":8},"end":{"line":376,"column":null}},"99":{"start":{"line":378,"column":8},"end":{"line":383,"column":null}},"100":{"start":{"line":379,"column":10},"end":{"line":379,"column":null}},"101":{"start":{"line":382,"column":10},"end":{"line":382,"column":null}},"102":{"start":{"line":385,"column":8},"end":{"line":385,"column":null}},"103":{"start":{"line":389,"column":6},"end":{"line":391,"column":null}},"104":{"start":{"line":394,"column":4},"end":{"line":402,"column":null}},"105":{"start":{"line":404,"column":4},"end":{"line":404,"column":null}},"106":{"start":{"line":405,"column":4},"end":{"line":411,"column":null}},"107":{"start":{"line":419,"column":0},"end":{"line":534,"column":null}},"108":{"start":{"line":420,"column":2},"end":{"line":533,"column":null}},"109":{"start":{"line":421,"column":17},"end":{"line":421,"column":null}},"110":{"start":{"line":422,"column":23},"end":{"line":422,"column":null}},"111":{"start":{"line":424,"column":4},"end":{"line":434,"column":null}},"112":{"start":{"line":426,"column":8},"end":{"line":426,"column":null}},"113":{"start":{"line":427,"column":6},"end":{"line":433,"column":null}},"114":{"start":{"line":436,"column":35},"end":{"line":436,"column":null}},"115":{"start":{"line":439,"column":16},"end":{"line":439,"column":null}},"116":{"start":{"line":440,"column":20},"end":{"line":440,"column":null}},"117":{"start":{"line":442,"column":4},"end":{"line":450,"column":null}},"118":{"start":{"line":443,"column":6},"end":{"line":449,"column":null}},"119":{"start":{"line":453,"column":22},"end":{"line":453,"column":null}},"120":{"start":{"line":454,"column":4},"end":{"line":462,"column":null}},"121":{"start":{"line":455,"column":6},"end":{"line":461,"column":null}},"122":{"start":{"line":464,"column":22},"end":{"line":464,"column":null}},"123":{"start":{"line":467,"column":20},"end":{"line":467,"column":null}},"124":{"start":{"line":468,"column":17},"end":{"line":468,"column":null}},"125":{"start":{"line":469,"column":23},"end":{"line":469,"column":null}},"126":{"start":{"line":470,"column":22},"end":{"line":470,"column":null}},"127":{"start":{"line":471,"column":22},"end":{"line":473,"column":null}},"128":{"start":{"line":472,"column":18},"end":{"line":472,"column":49}},"129":{"start":{"line":475,"column":4},"end":{"line":483,"column":null}},"130":{"start":{"line":476,"column":6},"end":{"line":482,"column":null}},"131":{"start":{"line":486,"column":10},"end":{"line":486,"column":null}},"132":{"start":{"line":487,"column":4},"end":{"line":495,"column":null}},"133":{"start":{"line":488,"column":6},"end":{"line":494,"column":null}},"134":{"start":{"line":498,"column":28},"end":{"line":498,"column":null}},"135":{"start":{"line":499,"column":20},"end":{"line":503,"column":null}},"136":{"start":{"line":505,"column":4},"end":{"line":513,"column":null}},"137":{"start":{"line":506,"column":6},"end":{"line":512,"column":null}},"138":{"start":{"line":516,"column":4},"end":{"line":516,"column":null}},"139":{"start":{"line":519,"column":4},"end":{"line":519,"column":null}},"140":{"start":{"line":521,"column":4},"end":{"line":523,"column":null}},"141":{"start":{"line":525,"column":4},"end":{"line":525,"column":null}},"142":{"start":{"line":526,"column":4},"end":{"line":532,"column":null}}},"fnMap":{"0":{"name":"(anonymous_0)","decl":{"start":{"line":58,"column":26},"end":{"line":58,"column":33}},"loc":{"start":{"line":58,"column":39},"end":{"line":138,"column":1}},"line":58},"1":{"name":"(anonymous_1)","decl":{"start":{"line":144,"column":23},"end":{"line":144,"column":30}},"loc":{"start":{"line":144,"column":36},"end":{"line":212,"column":1}},"line":144},"2":{"name":"(anonymous_2)","decl":{"start":{"line":218,"column":24},"end":{"line":218,"column":31}},"loc":{"start":{"line":218,"column":37},"end":{"line":239,"column":1}},"line":218},"3":{"name":"(anonymous_3)","decl":{"start":{"line":245,"column":24},"end":{"line":245,"column":31}},"loc":{"start":{"line":245,"column":37},"end":{"line":289,"column":1}},"line":245},"4":{"name":"(anonymous_4)","decl":{"start":{"line":295,"column":40},"end":{"line":295,"column":47}},"loc":{"start":{"line":295,"column":53},"end":{"line":413,"column":1}},"line":295},"5":{"name":"(anonymous_5)","decl":{"start":{"line":329,"column":11},"end":{"line":329,"column":12}},"loc":{"start":{"line":329,"column":18},"end":{"line":329,"column":49}},"line":329},"6":{"name":"(anonymous_6)","decl":{"start":{"line":338,"column":11},"end":{"line":338,"column":12}},"loc":{"start":{"line":338,"column":18},"end":{"line":338,"column":49}},"line":338},"7":{"name":"(anonymous_7)","decl":{"start":{"line":419,"column":40},"end":{"line":419,"column":47}},"loc":{"start":{"line":419,"column":53},"end":{"line":534,"column":1}},"line":419},"8":{"name":"(anonymous_8)","decl":{"start":{"line":472,"column":11},"end":{"line":472,"column":12}},"loc":{"start":{"line":472,"column":18},"end":{"line":472,"column":49}},"line":472}},"branchMap":{"0":{"loc":{"start":{"line":63,"column":4},"end":{"line":73,"column":null}},"type":"if","locations":[{"start":{"line":63,"column":4},"end":{"line":73,"column":null}},{"start":{},"end":{}}],"line":63},"1":{"loc":{"start":{"line":65,"column":8},"end":{"line":65,"column":null}},"type":"binary-expr","locations":[{"start":{"line":65,"column":8},"end":{"line":65,"column":50}},{"start":{"line":65,"column":50},"end":{"line":65,"column":null}}],"line":65},"2":{"loc":{"start":{"line":79,"column":4},"end":{"line":90,"column":null}},"type":"if","locations":[{"start":{"line":79,"column":4},"end":{"line":90,"column":null}},{"start":{},"end":{}}],"line":79},"3":{"loc":{"start":{"line":81,"column":8},"end":{"line":81,"column":null}},"type":"binary-expr","locations":[{"start":{"line":81,"column":8},"end":{"line":81,"column":42}},{"start":{"line":81,"column":42},"end":{"line":81,"column":null}}],"line":81},"4":{"loc":{"start":{"line":94,"column":4},"end":{"line":102,"column":null}},"type":"if","locations":[{"start":{"line":94,"column":4},"end":{"line":102,"column":null}},{"start":{},"end":{}}],"line":94},"5":{"loc":{"start":{"line":114,"column":6},"end":{"line":114,"column":null}},"type":"binary-expr","locations":[{"start":{"line":114,"column":6},"end":{"line":114,"column":36}},{"start":{"line":114,"column":36},"end":{"line":114,"column":null}}],"line":114},"6":{"loc":{"start":{"line":149,"column":4},"end":{"line":159,"column":null}},"type":"if","locations":[{"start":{"line":149,"column":4},"end":{"line":159,"column":null}},{"start":{},"end":{}}],"line":149},"7":{"loc":{"start":{"line":151,"column":8},"end":{"line":151,"column":null}},"type":"binary-expr","locations":[{"start":{"line":151,"column":8},"end":{"line":151,"column":50}},{"start":{"line":151,"column":50},"end":{"line":151,"column":null}}],"line":151},"8":{"loc":{"start":{"line":165,"column":4},"end":{"line":173,"column":null}},"type":"if","locations":[{"start":{"line":165,"column":4},"end":{"line":173,"column":null}},{"start":{},"end":{}}],"line":165},"9":{"loc":{"start":{"line":177,"column":4},"end":{"line":185,"column":null}},"type":"if","locations":[{"start":{"line":177,"column":4},"end":{"line":185,"column":null}},{"start":{},"end":{}}],"line":177},"10":{"loc":{"start":{"line":191,"column":6},"end":{"line":191,"column":null}},"type":"binary-expr","locations":[{"start":{"line":191,"column":6},"end":{"line":191,"column":36}},{"start":{"line":191,"column":36},"end":{"line":191,"column":null}}],"line":191},"11":{"loc":{"start":{"line":222,"column":4},"end":{"line":224,"column":null}},"type":"if","locations":[{"start":{"line":222,"column":4},"end":{"line":224,"column":null}},{"start":{},"end":{}}],"line":222},"12":{"loc":{"start":{"line":249,"column":4},"end":{"line":257,"column":null}},"type":"if","locations":[{"start":{"line":249,"column":4},"end":{"line":257,"column":null}},{"start":{},"end":{}}],"line":249},"13":{"loc":{"start":{"line":261,"column":4},"end":{"line":269,"column":null}},"type":"if","locations":[{"start":{"line":261,"column":4},"end":{"line":269,"column":null}},{"start":{},"end":{}}],"line":261},"14":{"loc":{"start":{"line":300,"column":4},"end":{"line":310,"column":null}},"type":"if","locations":[{"start":{"line":300,"column":4},"end":{"line":310,"column":null}},{"start":{},"end":{}}],"line":300},"15":{"loc":{"start":{"line":302,"column":8},"end":{"line":302,"column":null}},"type":"binary-expr","locations":[{"start":{"line":302,"column":8},"end":{"line":302,"column":50}},{"start":{"line":302,"column":50},"end":{"line":302,"column":null}}],"line":302},"16":{"loc":{"start":{"line":318,"column":4},"end":{"line":323,"column":null}},"type":"if","locations":[{"start":{"line":318,"column":4},"end":{"line":323,"column":null}},{"start":{},"end":{}}],"line":318},"17":{"loc":{"start":{"line":353,"column":20},"end":{"line":353,"column":null}},"type":"binary-expr","locations":[{"start":{"line":353,"column":20},"end":{"line":353,"column":47}},{"start":{"line":353,"column":47},"end":{"line":353,"column":null}}],"line":353},"18":{"loc":{"start":{"line":357,"column":4},"end":{"line":359,"column":null}},"type":"if","locations":[{"start":{"line":357,"column":4},"end":{"line":359,"column":null}},{"start":{},"end":{}}],"line":357},"19":{"loc":{"start":{"line":366,"column":4},"end":{"line":392,"column":null}},"type":"if","locations":[{"start":{"line":366,"column":4},"end":{"line":392,"column":null}},{"start":{"line":388,"column":11},"end":{"line":392,"column":null}}],"line":366},"20":{"loc":{"start":{"line":366,"column":8},"end":{"line":366,"column":57}},"type":"binary-expr","locations":[{"start":{"line":366,"column":8},"end":{"line":366,"column":32}},{"start":{"line":366,"column":32},"end":{"line":366,"column":57}}],"line":366},"21":{"loc":{"start":{"line":378,"column":8},"end":{"line":383,"column":null}},"type":"if","locations":[{"start":{"line":378,"column":8},"end":{"line":383,"column":null}},{"start":{"line":381,"column":15},"end":{"line":383,"column":null}}],"line":378},"22":{"loc":{"start":{"line":398,"column":10},"end":{"line":401,"column":null}},"type":"binary-expr","locations":[{"start":{"line":398,"column":10},"end":{"line":398,"column":48}},{"start":{"line":398,"column":48},"end":{"line":401,"column":null}}],"line":398},"23":{"loc":{"start":{"line":424,"column":4},"end":{"line":434,"column":null}},"type":"if","locations":[{"start":{"line":424,"column":4},"end":{"line":434,"column":null}},{"start":{},"end":{}}],"line":424},"24":{"loc":{"start":{"line":426,"column":8},"end":{"line":426,"column":null}},"type":"binary-expr","locations":[{"start":{"line":426,"column":8},"end":{"line":426,"column":50}},{"start":{"line":426,"column":50},"end":{"line":426,"column":null}}],"line":426},"25":{"loc":{"start":{"line":442,"column":4},"end":{"line":450,"column":null}},"type":"if","locations":[{"start":{"line":442,"column":4},"end":{"line":450,"column":null}},{"start":{},"end":{}}],"line":442},"26":{"loc":{"start":{"line":454,"column":4},"end":{"line":462,"column":null}},"type":"if","locations":[{"start":{"line":454,"column":4},"end":{"line":462,"column":null}},{"start":{},"end":{}}],"line":454},"27":{"loc":{"start":{"line":475,"column":4},"end":{"line":483,"column":null}},"type":"if","locations":[{"start":{"line":475,"column":4},"end":{"line":483,"column":null}},{"start":{},"end":{}}],"line":475},"28":{"loc":{"start":{"line":487,"column":4},"end":{"line":495,"column":null}},"type":"if","locations":[{"start":{"line":487,"column":4},"end":{"line":495,"column":null}},{"start":{},"end":{}}],"line":487},"29":{"loc":{"start":{"line":505,"column":4},"end":{"line":513,"column":null}},"type":"if","locations":[{"start":{"line":505,"column":4},"end":{"line":513,"column":null}},{"start":{},"end":{}}],"line":505}},"s":{"0":0,"1":0,"2":0,"3":0,"4":0,"5":0,"6":0,"7":0,"8":0,"9":0,"10":0,"11":0,"12":0,"13":0,"14":0,"15":0,"16":0,"17":0,"18":0,"19":0,"20":0,"21":0,"22":0,"23":0,"24":0,"25":0,"26":0,"27":0,"28":0,"29":0,"30":0,"31":0,"32":0,"33":0,"34":0,"35":0,"36":0,"37":0,"38":0,"39":0,"40":0,"41":0,"42":0,"43":0,"44":0,"45":0,"46":0,"47":0,"48":0,"49":0,"50":0,"51":0,"52":0,"53":0,"54":0,"55":0,"56":0,"57":0,"58":0,"59":0,"60":0,"61":0,"62":0,"63":0,"64":0,"65":0,"66":0,"67":0,"68":0,"69":0,"70":0,"71":0,"72":0,"73":0,"74":0,"75":0,"76":0,"77":0,"78":0,"79":0,"80":0,"81":0,"82":0,"83":0,"84":0,"85":0,"86":0,"87":0,"88":0,"89":0,"90":0,"91":0,"92":0,"93":0,"94":0,"95":0,"96":0,"97":0,"98":0,"99":0,"100":0,"101":0,"102":0,"103":0,"104":0,"105":0,"106":0,"107":0,"108":0,"109":0,"110":0,"111":0,"112":0,"113":0,"114":0,"115":0,"116":0,"117":0,"118":0,"119":0,"120":0,"121":0,"122":0,"123":0,"124":0,"125":0,"126":0,"127":0,"128":0,"129":0,"130":0,"131":0,"132":0,"133":0,"134":0,"135":0,"136":0,"137":0,"138":0,"139":0,"140":0,"141":0,"142":0},"f":{"0":0,"1":0,"2":0,"3":0,"4":0,"5":0,"6":0,"7":0,"8":0},"b":{"0":[0,0],"1":[0,0],"2":[0,0],"3":[0,0],"4":[0,0],"5":[0,0],"6":[0,0],"7":[0,0],"8":[0,0],"9":[0,0],"10":[0,0],"11":[0,0],"12":[0,0],"13":[0,0],"14":[0,0],"15":[0,0],"16":[0,0],"17":[0,0],"18":[0,0],"19":[0,0],"20":[0,0],"21":[0,0],"22":[0,0],"23":[0,0],"24":[0,0],"25":[0,0],"26":[0,0],"27":[0,0],"28":[0,0],"29":[0,0]},"meta":{"lastBranch":30,"lastFunction":9,"lastStatement":143,"seen":{"s:27:23:32:Infinity":0,"s:34:20:37:Infinity":1,"s:39:35:41:Infinity":2,"s:43:35:48:Infinity":3,"s:50:16:50:Infinity":4,"s:58:0:138:Infinity":5,"f:58:26:58:33":0,"s:59:2:137:Infinity":6,"s:60:17:60:Infinity":7,"s:61:23:61:Infinity":8,"b:63:4:73:Infinity:undefined:undefined:undefined:undefined":0,"s:63:4:73:Infinity":9,"s:65:8:65:Infinity":10,"b:65:8:65:50:65:50:65:Infinity":1,"s:66:6:72:Infinity":11,"s:75:32:75:Infinity":12,"s:78:10:78:Infinity":13,"b:79:4:90:Infinity:undefined:undefined:undefined:undefined":2,"s:79:4:90:Infinity":14,"s:81:8:81:Infinity":15,"b:81:8:81:42:81:42:81:Infinity":3,"s:82:6:89:Infinity":16,"s:93:25:93:Infinity":17,"b:94:4:102:Infinity:undefined:undefined:undefined:undefined":4,"s:94:4:102:Infinity":18,"s:95:6:101:Infinity":19,"s:105:25:105:Infinity":20,"s:108:17:108:Infinity":21,"s:111:33:115:Infinity":22,"b:114:6:114:36:114:36:114:Infinity":5,"s:118:4:118:Infinity":23,"s:121:4:127:Infinity":24,"s:129:4:129:Infinity":25,"s:130:4:136:Infinity":26,"s:144:0:212:Infinity":27,"f:144:23:144:30":1,"s:145:2:211:Infinity":28,"s:146:17:146:Infinity":29,"s:147:23:147:Infinity":30,"b:149:4:159:Infinity:undefined:undefined:undefined:undefined":6,"s:149:4:159:Infinity":31,"s:151:8:151:Infinity":32,"b:151:8:151:50:151:50:151:Infinity":7,"s:152:6:158:Infinity":33,"s:161:32:161:Infinity":34,"s:164:17:164:Infinity":35,"b:165:4:173:Infinity:undefined:undefined:undefined:undefined":8,"s:165:4:173:Infinity":36,"s:166:6:172:Infinity":37,"s:176:20:176:Infinity":38,"b:177:4:185:Infinity:undefined:undefined:undefined:undefined":9,"s:177:4:185:Infinity":39,"s:178:6:184:Infinity":40,"s:188:33:192:Infinity":41,"b:191:6:191:36:191:36:191:Infinity":10,"s:195:4:195:Infinity":42,"s:198:4:201:Infinity":43,"s:203:4:203:Infinity":44,"s:204:4:210:Infinity":45,"s:218:0:239:Infinity":46,"f:218:24:218:31":2,"s:219:2:238:Infinity":47,"s:220:20:220:Infinity":48,"b:222:4:224:Infinity:undefined:undefined:undefined:undefined":11,"s:222:4:224:Infinity":49,"s:223:6:223:Infinity":50,"s:226:4:226:Infinity":51,"s:228:4:228:Infinity":52,"s:230:4:230:Infinity":53,"s:231:4:237:Infinity":54,"s:245:0:289:Infinity":55,"f:245:24:245:31":3,"s:246:2:288:Infinity":56,"s:247:20:247:Infinity":57,"b:249:4:257:Infinity:undefined:undefined:undefined:undefined":12,"s:249:4:257:Infinity":58,"s:250:6:256:Infinity":59,"s:259:17:259:Infinity":60,"b:261:4:269:Infinity:undefined:undefined:undefined:undefined":13,"s:261:4:269:Infinity":61,"s:262:6:268:Infinity":62,"s:271:4:278:Infinity":63,"s:280:4:280:Infinity":64,"s:281:4:287:Infinity":65,"s:295:0:413:Infinity":66,"f:295:40:295:47":4,"s:296:2:412:Infinity":67,"s:297:17:297:Infinity":68,"s:298:23:298:Infinity":69,"b:300:4:310:Infinity:undefined:undefined:undefined:undefined":14,"s:300:4:310:Infinity":70,"s:302:8:302:Infinity":71,"b:302:8:302:50:302:50:302:Infinity":15,"s:303:6:309:Infinity":72,"s:312:22:312:Infinity":73,"s:315:17:315:Infinity":74,"b:318:4:323:Infinity:undefined:undefined:undefined:undefined":16,"s:318:4:323:Infinity":75,"s:319:6:322:Infinity":76,"s:326:23:330:Infinity":77,"f:329:11:329:12":5,"s:329:18:329:49":78,"s:333:20:333:Infinity":79,"s:334:17:334:Infinity":80,"s:335:23:335:Infinity":81,"s:336:22:336:Infinity":82,"s:337:22:339:Infinity":83,"f:338:11:338:12":6,"s:338:18:338:49":84,"s:341:20:341:Infinity":85,"s:342:4:350:Infinity":86,"s:353:20:353:Infinity":87,"b:353:20:353:47:353:47:353:Infinity":17,"s:354:21:354:Infinity":88,"b:357:4:359:Infinity:undefined:undefined:undefined:undefined":18,"s:357:4:359:Infinity":89,"s:358:6:358:Infinity":90,"s:362:4:362:Infinity":91,"s:363:4:363:Infinity":92,"s:364:4:364:Infinity":93,"b:366:4:392:Infinity:388:11:392:Infinity":19,"s:366:4:392:Infinity":94,"b:366:8:366:32:366:32:366:57":20,"s:367:6:367:Infinity":95,"s:368:6:387:Infinity":96,"s:369:28:374:Infinity":97,"s:376:8:376:Infinity":98,"b:378:8:383:Infinity:381:15:383:Infinity":21,"s:378:8:383:Infinity":99,"s:379:10:379:Infinity":100,"s:382:10:382:Infinity":101,"s:385:8:385:Infinity":102,"s:389:6:391:Infinity":103,"s:394:4:402:Infinity":104,"b:398:10:398:48:398:48:401:Infinity":22,"s:404:4:404:Infinity":105,"s:405:4:411:Infinity":106,"s:419:0:534:Infinity":107,"f:419:40:419:47":7,"s:420:2:533:Infinity":108,"s:421:17:421:Infinity":109,"s:422:23:422:Infinity":110,"b:424:4:434:Infinity:undefined:undefined:undefined:undefined":23,"s:424:4:434:Infinity":111,"s:426:8:426:Infinity":112,"b:426:8:426:50:426:50:426:Infinity":24,"s:427:6:433:Infinity":113,"s:436:35:436:Infinity":114,"s:439:16:439:Infinity":115,"s:440:20:440:Infinity":116,"b:442:4:450:Infinity:undefined:undefined:undefined:undefined":25,"s:442:4:450:Infinity":117,"s:443:6:449:Infinity":118,"s:453:22:453:Infinity":119,"b:454:4:462:Infinity:undefined:undefined:undefined:undefined":26,"s:454:4:462:Infinity":120,"s:455:6:461:Infinity":121,"s:464:22:464:Infinity":122,"s:467:20:467:Infinity":123,"s:468:17:468:Infinity":124,"s:469:23:469:Infinity":125,"s:470:22:470:Infinity":126,"s:471:22:473:Infinity":127,"f:472:11:472:12":8,"s:472:18:472:49":128,"b:475:4:483:Infinity:undefined:undefined:undefined:undefined":27,"s:475:4:483:Infinity":129,"s:476:6:482:Infinity":130,"s:486:10:486:Infinity":131,"b:487:4:495:Infinity:undefined:undefined:undefined:undefined":28,"s:487:4:495:Infinity":132,"s:488:6:494:Infinity":133,"s:498:28:498:Infinity":134,"s:499:20:503:Infinity":135,"b:505:4:513:Infinity:undefined:undefined:undefined:undefined":29,"s:505:4:513:Infinity":136,"s:506:6:512:Infinity":137,"s:516:4:516:Infinity":138,"s:519:4:519:Infinity":139,"s:521:4:523:Infinity":140,"s:525:4:525:Infinity":141,"s:526:4:532:Infinity":142}}}
,"/Users/fukudatomohiro/DevCode/img-worker/src/auth/session.ts": {"path":"/Users/fukudatomohiro/DevCode/img-worker/src/auth/session.ts","statementMap":{"0":{"start":{"line":7,"column":35},"end":{"line":7,"column":null}},"1":{"start":{"line":8,"column":38},"end":{"line":8,"column":null}},"2":{"start":{"line":13,"column":35},"end":{"line":13,"column":null}},"3":{"start":{"line":31,"column":16},"end":{"line":31,"column":null}},"4":{"start":{"line":32,"column":2},"end":{"line":32,"column":null}},"5":{"start":{"line":33,"column":2},"end":{"line":33,"column":null}},"6":{"start":{"line":33,"column":34},"end":{"line":33,"column":65}},"7":{"start":{"line":40,"column":18},"end":{"line":40,"column":null}},"8":{"start":{"line":41,"column":15},"end":{"line":41,"column":null}},"9":{"start":{"line":42,"column":21},"end":{"line":42,"column":null}},"10":{"start":{"line":43,"column":20},"end":{"line":43,"column":null}},"11":{"start":{"line":44,"column":2},"end":{"line":44,"column":null}},"12":{"start":{"line":44,"column":30},"end":{"line":44,"column":61}},"13":{"start":{"line":55,"column":20},"end":{"line":55,"column":null}},"14":{"start":{"line":56,"column":16},"end":{"line":56,"column":null}},"15":{"start":{"line":57,"column":20},"end":{"line":57,"column":null}},"16":{"start":{"line":58,"column":14},"end":{"line":58,"column":null}},"17":{"start":{"line":60,"column":27},"end":{"line":67,"column":null}},"18":{"start":{"line":69,"column":2},"end":{"line":73,"column":null}},"19":{"start":{"line":75,"column":2},"end":{"line":75,"column":null}},"20":{"start":{"line":86,"column":15},"end":{"line":86,"column":null}},"21":{"start":{"line":87,"column":2},"end":{"line":89,"column":null}},"22":{"start":{"line":88,"column":4},"end":{"line":88,"column":null}},"23":{"start":{"line":91,"column":27},"end":{"line":91,"column":null}},"24":{"start":{"line":94,"column":2},"end":{"line":97,"column":null}},"25":{"start":{"line":95,"column":4},"end":{"line":95,"column":null}},"26":{"start":{"line":96,"column":4},"end":{"line":96,"column":null}},"27":{"start":{"line":100,"column":20},"end":{"line":100,"column":null}},"28":{"start":{"line":101,"column":2},"end":{"line":103,"column":null}},"29":{"start":{"line":102,"column":4},"end":{"line":102,"column":null}},"30":{"start":{"line":105,"column":2},"end":{"line":105,"column":null}},"31":{"start":{"line":115,"column":2},"end":{"line":115,"column":null}},"32":{"start":{"line":126,"column":19},"end":{"line":126,"column":null}},"33":{"start":{"line":128,"column":25},"end":{"line":136,"column":null}},"34":{"start":{"line":129,"column":17},"end":{"line":129,"column":null}},"35":{"start":{"line":130,"column":4},"end":{"line":135,"column":null}},"36":{"start":{"line":131,"column":31},"end":{"line":131,"column":null}},"37":{"start":{"line":132,"column":6},"end":{"line":134,"column":null}},"38":{"start":{"line":133,"column":8},"end":{"line":133,"column":null}},"39":{"start":{"line":138,"column":2},"end":{"line":138,"column":null}},"40":{"start":{"line":149,"column":21},"end":{"line":149,"column":null}},"41":{"start":{"line":150,"column":2},"end":{"line":157,"column":null}},"42":{"start":{"line":151,"column":23},"end":{"line":151,"column":null}},"43":{"start":{"line":152,"column":18},"end":{"line":152,"column":null}},"44":{"start":{"line":153,"column":4},"end":{"line":156,"column":null}},"45":{"start":{"line":154,"column":33},"end":{"line":154,"column":null}},"46":{"start":{"line":155,"column":6},"end":{"line":155,"column":null}},"47":{"start":{"line":160,"column":8},"end":{"line":160,"column":null}},"48":{"start":{"line":161,"column":2},"end":{"line":167,"column":null}},"49":{"start":{"line":162,"column":18},"end":{"line":162,"column":null}},"50":{"start":{"line":163,"column":4},"end":{"line":166,"column":null}},"51":{"start":{"line":164,"column":33},"end":{"line":164,"column":null}},"52":{"start":{"line":165,"column":6},"end":{"line":165,"column":null}},"53":{"start":{"line":169,"column":2},"end":{"line":169,"column":null}},"54":{"start":{"line":180,"column":22},"end":{"line":180,"column":null}},"55":{"start":{"line":183,"column":17},"end":{"line":183,"column":null}},"56":{"start":{"line":184,"column":22},"end":{"line":184,"column":null}},"57":{"start":{"line":186,"column":2},"end":{"line":192,"column":null}},"58":{"start":{"line":199,"column":2},"end":{"line":201,"column":null}}},"fnMap":{"0":{"name":"generateSessionToken","decl":{"start":{"line":30,"column":9},"end":{"line":30,"column":40}},"loc":{"start":{"line":30,"column":40},"end":{"line":34,"column":null}},"line":30},"1":{"name":"(anonymous_1)","decl":{"start":{"line":33,"column":27},"end":{"line":33,"column":28}},"loc":{"start":{"line":33,"column":34},"end":{"line":33,"column":65}},"line":33},"2":{"name":"hashToken","decl":{"start":{"line":39,"column":15},"end":{"line":39,"column":25}},"loc":{"start":{"line":39,"column":57},"end":{"line":45,"column":null}},"line":39},"3":{"name":"(anonymous_3)","decl":{"start":{"line":44,"column":23},"end":{"line":44,"column":24}},"loc":{"start":{"line":44,"column":30},"end":{"line":44,"column":61}},"line":44},"4":{"name":"createSession","decl":{"start":{"line":50,"column":22},"end":{"line":50,"column":null}},"loc":{"start":{"line":54,"column":49},"end":{"line":76,"column":null}},"line":54},"5":{"name":"validateSession","decl":{"start":{"line":81,"column":22},"end":{"line":81,"column":null}},"loc":{"start":{"line":85,"column":27},"end":{"line":106,"column":null}},"line":85},"6":{"name":"deleteSession","decl":{"start":{"line":111,"column":22},"end":{"line":111,"column":null}},"loc":{"start":{"line":114,"column":17},"end":{"line":116,"column":null}},"line":114},"7":{"name":"deleteAllUserSessions","decl":{"start":{"line":121,"column":22},"end":{"line":121,"column":null}},"loc":{"start":{"line":124,"column":17},"end":{"line":139,"column":null}},"line":124},"8":{"name":"(anonymous_8)","decl":{"start":{"line":128,"column":34},"end":{"line":128,"column":41}},"loc":{"start":{"line":128,"column":49},"end":{"line":136,"column":3}},"line":128},"9":{"name":"getSessionFromContext","decl":{"start":{"line":144,"column":22},"end":{"line":144,"column":null}},"loc":{"start":{"line":147,"column":27},"end":{"line":170,"column":null}},"line":147},"10":{"name":"setSessionCookie","decl":{"start":{"line":175,"column":16},"end":{"line":175,"column":null}},"loc":{"start":{"line":179,"column":8},"end":{"line":193,"column":null}},"line":179},"11":{"name":"deleteSessionCookie","decl":{"start":{"line":198,"column":16},"end":{"line":198,"column":36}},"loc":{"start":{"line":198,"column":54},"end":{"line":202,"column":null}},"line":198}},"branchMap":{"0":{"loc":{"start":{"line":87,"column":2},"end":{"line":89,"column":null}},"type":"if","locations":[{"start":{"line":87,"column":2},"end":{"line":89,"column":null}},{"start":{},"end":{}}],"line":87},"1":{"loc":{"start":{"line":94,"column":2},"end":{"line":97,"column":null}},"type":"if","locations":[{"start":{"line":94,"column":2},"end":{"line":97,"column":null}},{"start":{},"end":{}}],"line":94},"2":{"loc":{"start":{"line":101,"column":2},"end":{"line":103,"column":null}},"type":"if","locations":[{"start":{"line":101,"column":2},"end":{"line":103,"column":null}},{"start":{},"end":{}}],"line":101},"3":{"loc":{"start":{"line":130,"column":4},"end":{"line":135,"column":null}},"type":"if","locations":[{"start":{"line":130,"column":4},"end":{"line":135,"column":null}},{"start":{},"end":{}}],"line":130},"4":{"loc":{"start":{"line":132,"column":6},"end":{"line":134,"column":null}},"type":"if","locations":[{"start":{"line":132,"column":6},"end":{"line":134,"column":null}},{"start":{},"end":{}}],"line":132},"5":{"loc":{"start":{"line":150,"column":2},"end":{"line":157,"column":null}},"type":"if","locations":[{"start":{"line":150,"column":2},"end":{"line":157,"column":null}},{"start":{},"end":{}}],"line":150},"6":{"loc":{"start":{"line":150,"column":6},"end":{"line":150,"column":54}},"type":"binary-expr","locations":[{"start":{"line":150,"column":6},"end":{"line":150,"column":20}},{"start":{"line":150,"column":20},"end":{"line":150,"column":54}}],"line":150},"7":{"loc":{"start":{"line":153,"column":4},"end":{"line":156,"column":null}},"type":"if","locations":[{"start":{"line":153,"column":4},"end":{"line":156,"column":null}},{"start":{},"end":{}}],"line":153},"8":{"loc":{"start":{"line":161,"column":2},"end":{"line":167,"column":null}},"type":"if","locations":[{"start":{"line":161,"column":2},"end":{"line":167,"column":null}},{"start":{},"end":{}}],"line":161},"9":{"loc":{"start":{"line":163,"column":4},"end":{"line":166,"column":null}},"type":"if","locations":[{"start":{"line":163,"column":4},"end":{"line":166,"column":null}},{"start":{},"end":{}}],"line":163},"10":{"loc":{"start":{"line":183,"column":17},"end":{"line":183,"column":null}},"type":"binary-expr","locations":[{"start":{"line":183,"column":17},"end":{"line":183,"column":43}},{"start":{"line":183,"column":43},"end":{"line":183,"column":null}}],"line":183},"11":{"loc":{"start":{"line":184,"column":22},"end":{"line":184,"column":null}},"type":"binary-expr","locations":[{"start":{"line":184,"column":22},"end":{"line":184,"column":54}},{"start":{"line":184,"column":54},"end":{"line":184,"column":null}}],"line":184},"12":{"loc":{"start":{"line":189,"column":14},"end":{"line":189,"column":null}},"type":"cond-expr","locations":[{"start":{"line":189,"column":28},"end":{"line":189,"column":36}},{"start":{"line":189,"column":36},"end":{"line":189,"column":null}}],"line":189}},"s":{"0":0,"1":0,"2":0,"3":0,"4":0,"5":0,"6":0,"7":0,"8":0,"9":0,"10":0,"11":0,"12":0,"13":0,"14":0,"15":0,"16":0,"17":0,"18":0,"19":0,"20":0,"21":0,"22":0,"23":0,"24":0,"25":0,"26":0,"27":0,"28":0,"29":0,"30":0,"31":0,"32":0,"33":0,"34":0,"35":0,"36":0,"37":0,"38":0,"39":0,"40":0,"41":0,"42":0,"43":0,"44":0,"45":0,"46":0,"47":0,"48":0,"49":0,"50":0,"51":0,"52":0,"53":0,"54":0,"55":0,"56":0,"57":0,"58":0},"f":{"0":0,"1":0,"2":0,"3":0,"4":0,"5":0,"6":0,"7":0,"8":0,"9":0,"10":0,"11":0},"b":{"0":[0,0],"1":[0,0],"2":[0,0],"3":[0,0],"4":[0,0],"5":[0,0],"6":[0,0],"7":[0,0],"8":[0,0],"9":[0,0],"10":[0,0],"11":[0,0],"12":[0,0]},"meta":{"lastBranch":13,"lastFunction":12,"lastStatement":59,"seen":{"s:7:35:7:Infinity":0,"s:8:38:8:Infinity":1,"s:13:35:13:Infinity":2,"f:30:9:30:40":0,"s:31:16:31:Infinity":3,"s:32:2:32:Infinity":4,"s:33:2:33:Infinity":5,"f:33:27:33:28":1,"s:33:34:33:65":6,"f:39:15:39:25":2,"s:40:18:40:Infinity":7,"s:41:15:41:Infinity":8,"s:42:21:42:Infinity":9,"s:43:20:43:Infinity":10,"s:44:2:44:Infinity":11,"f:44:23:44:24":3,"s:44:30:44:61":12,"f:50:22:50:Infinity":4,"s:55:20:55:Infinity":13,"s:56:16:56:Infinity":14,"s:57:20:57:Infinity":15,"s:58:14:58:Infinity":16,"s:60:27:67:Infinity":17,"s:69:2:73:Infinity":18,"s:75:2:75:Infinity":19,"f:81:22:81:Infinity":5,"s:86:15:86:Infinity":20,"b:87:2:89:Infinity:undefined:undefined:undefined:undefined":0,"s:87:2:89:Infinity":21,"s:88:4:88:Infinity":22,"s:91:27:91:Infinity":23,"b:94:2:97:Infinity:undefined:undefined:undefined:undefined":1,"s:94:2:97:Infinity":24,"s:95:4:95:Infinity":25,"s:96:4:96:Infinity":26,"s:100:20:100:Infinity":27,"b:101:2:103:Infinity:undefined:undefined:undefined:undefined":2,"s:101:2:103:Infinity":28,"s:102:4:102:Infinity":29,"s:105:2:105:Infinity":30,"f:111:22:111:Infinity":6,"s:115:2:115:Infinity":31,"f:121:22:121:Infinity":7,"s:126:19:126:Infinity":32,"s:128:25:136:Infinity":33,"f:128:34:128:41":8,"s:129:17:129:Infinity":34,"b:130:4:135:Infinity:undefined:undefined:undefined:undefined":3,"s:130:4:135:Infinity":35,"s:131:31:131:Infinity":36,"b:132:6:134:Infinity:undefined:undefined:undefined:undefined":4,"s:132:6:134:Infinity":37,"s:133:8:133:Infinity":38,"s:138:2:138:Infinity":39,"f:144:22:144:Infinity":9,"s:149:21:149:Infinity":40,"b:150:2:157:Infinity:undefined:undefined:undefined:undefined":5,"s:150:2:157:Infinity":41,"b:150:6:150:20:150:20:150:54":6,"s:151:23:151:Infinity":42,"s:152:18:152:Infinity":43,"b:153:4:156:Infinity:undefined:undefined:undefined:undefined":7,"s:153:4:156:Infinity":44,"s:154:33:154:Infinity":45,"s:155:6:155:Infinity":46,"s:160:8:160:Infinity":47,"b:161:2:167:Infinity:undefined:undefined:undefined:undefined":8,"s:161:2:167:Infinity":48,"s:162:18:162:Infinity":49,"b:163:4:166:Infinity:undefined:undefined:undefined:undefined":9,"s:163:4:166:Infinity":50,"s:164:33:164:Infinity":51,"s:165:6:165:Infinity":52,"s:169:2:169:Infinity":53,"f:175:16:175:Infinity":10,"s:180:22:180:Infinity":54,"s:183:17:183:Infinity":55,"b:183:17:183:43:183:43:183:Infinity":10,"s:184:22:184:Infinity":56,"b:184:22:184:54:184:54:184:Infinity":11,"s:186:2:192:Infinity":57,"b:189:28:189:36:189:36:189:Infinity":12,"f:19
[...]
ecl":{"start":{"line":63,"column":19},"end":{"line":63,"column":20}},"loc":{"start":{"line":63,"column":29},"end":{"line":63,"column":94}},"line":63},"5":{"name":"(anonymous_5)","decl":{"start":{"line":75,"column":25},"end":{"line":75,"column":32}},"loc":{"start":{"line":75,"column":38},"end":{"line":85,"column":1}},"line":75},"6":{"name":"(anonymous_6)","decl":{"start":{"line":90,"column":23},"end":{"line":90,"column":30}},"loc":{"start":{"line":90,"column":36},"end":{"line":108,"column":1}},"line":90},"7":{"name":"(anonymous_7)","decl":{"start":{"line":113,"column":25},"end":{"line":113,"column":32}},"loc":{"start":{"line":113,"column":38},"end":{"line":134,"column":1}},"line":113},"8":{"name":"(anonymous_8)","decl":{"start":{"line":139,"column":32},"end":{"line":139,"column":39}},"loc":{"start":{"line":139,"column":45},"end":{"line":182,"column":1}},"line":139},"9":{"name":"(anonymous_9)","decl":{"start":{"line":153,"column":30},"end":{"line":153,"column":31}},"loc":{"start":{"line":153,"column":38},"end":{"line":155,"column":5}},"line":153},"10":{"name":"(anonymous_10)","decl":{"start":{"line":187,"column":28},"end":{"line":187,"column":35}},"loc":{"start":{"line":187,"column":41},"end":{"line":195,"column":1}},"line":187}},"branchMap":{"0":{"loc":{"start":{"line":45,"column":2},"end":{"line":45,"column":null}},"type":"if","locations":[{"start":{"line":45,"column":2},"end":{"line":45,"column":null}},{"start":{},"end":{}}],"line":45},"1":{"loc":{"start":{"line":55,"column":8},"end":{"line":55,"column":null}},"type":"if","locations":[{"start":{"line":55,"column":8},"end":{"line":55,"column":null}},{"start":{},"end":{}}],"line":55},"2":{"loc":{"start":{"line":77,"column":2},"end":{"line":77,"column":null}},"type":"if","locations":[{"start":{"line":77,"column":2},"end":{"line":77,"column":null}},{"start":{},"end":{}}],"line":77},"3":{"loc":{"start":{"line":82,"column":2},"end":{"line":82,"column":null}},"type":"if","locations":[{"start":{"line":82,"column":2},"end":{"line":82,"column":null}},{"start":{},"end":{}}],"line":82},"4":{"loc":{"start":{"line":92,"column":2},"end":{"line":92,"column":null}},"type":"if","locations":[{"start":{"line":92,"column":2},"end":{"line":92,"column":null}},{"start":{},"end":{}}],"line":92},"5":{"loc":{"start":{"line":115,"column":2},"end":{"line":115,"column":null}},"type":"if","locations":[{"start":{"line":115,"column":2},"end":{"line":115,"column":null}},{"start":{},"end":{}}],"line":115},"6":{"loc":{"start":{"line":120,"column":2},"end":{"line":120,"column":null}},"type":"if","locations":[{"start":{"line":120,"column":2},"end":{"line":120,"column":null}},{"start":{},"end":{}}],"line":120},"7":{"loc":{"start":{"line":141,"column":2},"end":{"line":141,"column":null}},"type":"if","locations":[{"start":{"line":141,"column":2},"end":{"line":141,"column":null}},{"start":{},"end":{}}],"line":141},"8":{"loc":{"start":{"line":146,"column":2},"end":{"line":148,"column":null}},"type":"if","locations":[{"start":{"line":146,"column":2},"end":{"line":148,"column":null}},{"start":{},"end":{}}],"line":146},"9":{"loc":{"start":{"line":146,"column":6},"end":{"line":146,"column":33}},"type":"binary-expr","locations":[{"start":{"line":146,"column":6},"end":{"line":146,"column":19}},{"start":{"line":146,"column":19},"end":{"line":146,"column":33}}],"line":146},"10":{"loc":{"start":{"line":189,"column":2},"end":{"line":189,"column":null}},"type":"if","locations":[{"start":{"line":189,"column":2},"end":{"line":189,"column":null}},{"start":{},"end":{}}],"line":189}},"s":{"0":0,"1":0,"2":0,"3":0,"4":0,"5":0,"6":0,"7":0,"8":0,"9":0,"10":0,"11":0,"12":0,"13":0,"14":0,"15":0,"16":0,"17":0,"18":0,"19":0,"20":0,"21":0,"22":0,"23":0,"24":0,"25":0,"26":0,"27":0,"28":0,"29":0,"30":0,"31":0,"32":0,"33":0,"34":0,"35":0,"36":0,"37":0,"38":0,"39":0,"40":0,"41":0,"42":0,"43":0,"44":0,"45":0,"46":0,"47":0,"48":0,"49":0,"50":0,"51":0,"52":0,"53":0,"54":0,"55":0,"56":0,"57":0,"58":0,"59":0,"60":0,"61":0,"62":0,"63":0,"64":0,"65":0,"66":0,"67":0,"68":0,"69":0,"70":0,"71":0,"72":0,"73":0,"74":0,"75":0,"76":0,"77":0,"78":0,"79":0,"80":0,"81":0,"82":0,"83":0,"84":0,"85":0,"86":0,"87":0,"88":0},"f":{"0":0,"1":0,"2":0,"3":0,"4":0,"5":0,"6":0,"7":0,"8":0,"9":0,"10":0},"b":{"0":[0,0],"1":[0,0],"2":[0,0],"3":[0,0],"4":[0,0],"5":[0,0],"6":[0,0],"7":[0,0],"8":[0,0],"9":[0,0],"10":[0,0]},"meta":{"lastBranch":11,"lastFunction":11,"lastStatement":89,"seen":{"s:13:21:13:Infinity":0,"s:18:0:21:Infinity":1,"f:18:24:18:25":0,"s:19:33:19:Infinity":2,"s:20:2:20:Infinity":3,"s:26:0:29:Infinity":4,"f:26:28:26:29":1,"s:27:37:27:Infinity":5,"s:28:2:28:Infinity":6,"s:34:0:38:Infinity":7,"f:34:32:34:33":2,"s:36:13:36:Infinity":8,"s:37:2:37:Infinity":9,"s:43:0:70:Infinity":10,"f:43:22:43:29":3,"s:44:23:44:Infinity":11,"b:45:2:45:Infinity:undefined:undefined:undefined:undefined":0,"s:45:2:45:Infinity":12,"s:45:20:45:Infinity":13,"s:47:2:69:Infinity":14,"s:49:17:49:Infinity":15,"s:50:34:50:Infinity":16,"s:52:4:60:Infinity":17,"s:53:6:59:Infinity":18,"s:54:25:54:Infinity":19,"b:55:8:55:Infinity:undefined:undefined:undefined:undefined":1,"s:55:8:55:Infinity":20,"s:55:22:55:Infinity":21,"s:57:8:57:Infinity":22,"s:63:4:63:Infinity":23,"f:63:19:63:20":4,"s:63:29:63:94":24,"s:65:4:65:Infinity":25,"s:67:4:67:Infinity":26,"s:68:4:68:Infinity":27,"s:75:0:85:Infinity":28,"f:75:25:75:32":5,"s:76:23:76:Infinity":29,"b:77:2:77:Infinity:undefined:undefined:undefined:undefined":2,"s:77:2:77:Infinity":30,"s:77:20:77:Infinity":31,"s:79:13:79:Infinity":32,"s:80:19:80:Infinity":33,"b:82:2:82:Infinity:undefined:undefined:undefined:undefined":3,"s:82:2:82:Infinity":34,"s:82:17:82:Infinity":35,"s:84:2:84:Infinity":36,"s:90:0:108:Infinity":37,"f:90:23:90:30":6,"s:91:23:91:Infinity":38,"b:92:2:92:Infinity:undefined:undefined:undefined:undefined":4,"s:92:2:92:Infinity":39,"s:92:20:92:Infinity":40,"s:94:15:94:Infinity":41,"s:95:13:95:Infinity":42,"s:96:8:96:Infinity":43,"s:98:29:103:Infinity":44,"s:105:2:105:Infinity":45,"s:107:2:107:Infinity":46,"s:113:0:134:Infinity":47,"f:113:25:113:32":7,"s:114:23:114:Infinity":48,"b:115:2:115:Infinity:undefined:undefined:undefined:undefined":5,"s:115:2:115:Infinity":49,"s:115:20:115:Infinity":50,"s:117:13:117:Infinity":51,"s:118:19:118:Infinity":52,"b:120:2:120:Infinity:undefined:undefined:undefined:undefined":6,"s:120:2:120:Infinity":53,"s:120:17:120:Infinity":54,"s:122:15:122:Infinity":55,"s:123:28:129:Infinity":56,"s:131:2:131:Infinity":57,"s:133:2:133:Infinity":58,"s:139:0:182:Infinity":59,"f:139:32:139:39":8,"s:140:23:140:Infinity":60,"b:141:2:141:Infinity:undefined:undefined:undefined:undefined":7,"s:141:2:141:Infinity":61,"s:141:20:141:Infinity":62,"s:143:15:143:Infinity":63,"s:144:19:144:Infinity":64,"b:146:2:148:Infinity:undefined:undefined:undefined:undefined":8,"s:146:2:148:Infinity":65,"b:146:6:146:19:146:19:146:33":9,"s:147:4:147:Infinity":66,"s:150:2:181:Infinity":67,"s:152:47:152:Infinity":68,"s:153:4:155:Infinity":69,"f:153:30:153:31":9,"s:154:6:154:Infinity":70,"s:158:16:158:Infinity":71,"s:161:4:161:Infinity":72,"s:162:18:162:Infinity":73,"s:163:16:163:Infinity":74,"s:166:25:166:Infinity":75,"s:167:4:171:Infinity":76,"s:174:16:174:Infinity":77,"s:175:25:175:Infinity":78,"s:177:4:177:Infinity":79,"s:179:4:179:Infinity":80,"s:180:4:180:Infinity":81,"s:187:0:195:Infinity":82,"f:187:28:187:35":10,"s:188:23:188:Infinity":83,"b:189:2:189:Infinity:undefined:undefined:undefined:undefined":10,"s:189:2:189:Infinity":84,"s:189:20:189:Infinity":85,"s:191:13:191:Infinity":86,"s:192:2:192:Infinity":87,"s:194:2:194:Infinity":88}}}
,"/Users/fukudatomohiro/DevCode/img-worker/src/services/font.ts": {"path":"/Users/fukudatomohiro/DevCode/img-worker/src/services/font.ts","statementMap":{"0":{"start":{"line":7,"column":39},"end":{"line":7,"column":null}},"1":{"start":{"line":8,"column":40},"end":{"line":8,"column":null}},"2":{"start":{"line":17,"column":2},"end":{"line":52,"column":null}},"3":{"start":{"line":19,"column":24},"end":{"line":19,"column":null}},"4":{"start":{"line":20,"column":19},"end":{"line":20,"column":null}},"5":{"start":{"line":22,"column":24},"end":{"line":26,"column":null}},"6":{"start":{"line":28,"column":4},"end":{"line":30,"column":null}},"7":{"start":{"line":29,"column":6},"end":{"line":29,"column":null}},"8":{"start":{"line":32,"column":16},"end":{"line":32,"column":null}},"9":{"start":{"line":35,"column":21},"end":{"line":35,"column":null}},"10":{"start":{"line":36,"column":4},"end":{"line":38,"column":null}},"11":{"start":{"line":37,"column":6},"end":{"line":37,"column":null}},"12":{"start":{"line":40,"column":20},"end":{"line":40,"column":null}},"13":{"start":{"line":43,"column":25},"end":{"line":43,"column":null}},"14":{"start":{"line":44,"column":4},"end":{"line":46,"column":null}},"15":{"start":{"line":45,"column":6},"end":{"line":45,"column":null}},"16":{"start":{"line":48,"column":4},"end":{"line":48,"column":null}},"17":{"start":{"line":50,"column":4},"end":{"line":50,"column":null}},"18":{"start":{"line":51,"column":4},"end":{"line":51,"column":null}},"19":{"start":{"line":60,"column":2},"end":{"line":70,"column":null}},"20":{"start":{"line":61,"column":4},"end":{"line":63,"column":null}},"21":{"start":{"line":62,"column":6},"end":{"line":62,"column":null}},"22":{"start":{"line":64,"column":4},"end":{"line":66,"column":null}},"23":{"start":{"line":65,"column":6},"end":{"line":65,"column":null}},"24":{"start":{"line":68,"column":4},"end":{"line":68,"column":null}},"25":{"start":{"line":69,"column":4},"end":{"line":69,"column":null}},"26":{"start":{"line":78,"column":2},"end":{"line":80,"column":null}},"27":{"start":{"line":79,"column":4},"end":{"line":79,"column":null}},"28":{"start":{"line":82,"column":2},"end":{"line":85,"column":null}}},"fnMap":{"0":{"name":"loadFont","decl":{"start":{"line":16,"column":15},"end":{"line":16,"column":24}},"loc":{"start":{"line":16,"column":78},"end":{"line":53,"column":null}},"line":16},"1":{"name":"ensureFontsLoaded","decl":{"start":{"line":59,"column":22},"end":{"line":59,"column":42}},"loc":{"start":{"line":59,"column":42},"end":{"line":71,"column":null}},"line":59},"2":{"name":"getFonts","decl":{"start":{"line":77,"column":16},"end":{"line":77,"column":27}},"loc":{"start":{"line":77,"column":27},"end":{"line":86,"column":null}},"line":77}},"branchMap":{"0":{"loc":{"start":{"line":28,"column":4},"end":{"line":30,"column":null}},"type":"if","locations":[{"start":{"line":28,"column":4},"end":{"line":30,"column":null}},{"start":{},"end":{}}],"line":28},"1":{"loc":{"start":{"line":36,"column":4},"end":{"line":38,"column":null}},"type":"if","locations":[{"start":{"line":36,"column":4},"end":{"line":38,"column":null}},{"start":{},"end":{}}],"line":36},"2":{"loc":{"start":{"line":44,"column":4},"end":{"line":46,"column":null}},"type":"if","locations":[{"start":{"line":44,"column":4},"end":{"line":46,"column":null}},{"start":{},"end":{}}],"line":44},"3":{"loc":{"start":{"line":61,"column":4},"end":{"line":63,"column":null}},"type":"if","locations":[{"start":{"line":61,"column":4},"end":{"line":63,"column":null}},{"start":{},"end":{}}],"line":61},"4":{"loc":{"start":{"line":64,"column":4},"end":{"line":66,"column":null}},"type":"if","locations":[{"start":{"line":64,"column":4},"end":{"line":66,"column":null}},{"start":{},"end":{}}],"line":64},"5":{"loc":{"start":{"line":78,"column":2},"end":{"line":80,"column":null}},"type":"if","locations":[{"start":{"line":78,"column":2},"end":{"line":80,"column":null}},{"start":{},"end":{}}],"line":78},"6":{"loc":{"start":{"line":78,"column":6},"end":{"line":78,"column":39}},"type":"binary-expr","locations":[{"start":{"line":78,"column":6},"end":{"line":78,"column":23}},{"start":{"line":78,"column":23},"end":{"line":78,"column":39}}],"line":78}},"s":{"0":0,"1":0,"2":0,"3":0,"4":0,"5":0,"6":0,"7":0,"8":0,"9":0,"10":0,"11":0,"12":0,"13":0,"14":0,"15":0,"16":0,"17":0,"18":0,"19":0,"20":0,"21":0,"22":0,"23":0,"24":0,"25":0,"26":0,"27":0,"28":0},"f":{"0":0,"1":0,"2":0},"b":{"0":[0,0],"1":[0,0],"2":[0,0],"3":[0,0],"4":[0,0],"5":[0,0],"6":[0,0]},"meta":{"lastBranch":7,"lastFunction":3,"lastStatement":29,"seen":{"s:7:39:7:Infinity":0,"s:8:40:8:Infinity":1,"f:16:15:16:24":0,"s:17:2:52:Infinity":2,"s:19:24:19:Infinity":3,"s:20:19:20:Infinity":4,"s:22:24:26:Infinity":5,"b:28:4:30:Infinity:undefined:undefined:undefined:undefined":0,"s:28:4:30:Infinity":6,"s:29:6:29:Infinity":7,"s:32:16:32:Infinity":8,"s:35:21:35:Infinity":9,"b:36:4:38:Infinity:undefined:undefined:undefined:undefined":1,"s:36:4:38:Infinity":10,"s:37:6:37:Infinity":11,"s:40:20:40:Infinity":12,"s:43:25:43:Infinity":13,"b:44:4:46:Infinity:undefined:undefined:undefined:undefined":2,"s:44:4:46:Infinity":14,"s:45:6:45:Infinity":15,"s:48:4:48:Infinity":16,"s:50:4:50:Infinity":17,"s:51:4:51:Infinity":18,"f:59:22:59:42":1,"s:60:2:70:Infinity":19,"b:61:4:63:Infinity:undefined:undefined:undefined:undefined":3,"s:61:4:63:Infinity":20,"s:62:6:62:Infinity":21,"b:64:4:66:Infinity:undefined:undefined:undefined:undefined":4,"s:64:4:66:Infinity":22,"s:65:6:65:Infinity":23,"s:68:4:68:Infinity":24,"s:69:4:69:Infinity":25,"f:77:16:77:27":2,"b:78:2:80:Infinity:undefined:undefined:undefined:undefined":5,"s:78:2:80:Infinity":26,"b:78:6:78:23:78:23:78:39":6,"s:79:4:79:Infinity":27,"s:82:2:85:Infinity":28}}}
,"/Users/fukudatomohiro/DevCode/img-worker/src/services/image.ts": {"path":"/Users/fukudatomohiro/DevCode/img-worker/src/services/image.ts","statementMap":{"0":{"start":{"line":21,"column":25},"end":{"line":21,"column":null}},"1":{"start":{"line":23,"column":2},"end":{"line":42,"column":null}},"2":{"start":{"line":25,"column":16},"end":{"line":25,"column":null}},"3":{"start":{"line":27,"column":4},"end":{"line":41,"column":null}},"4":{"start":{"line":29,"column":21},"end":{"line":29,"column":null}},"5":{"start":{"line":31,"column":6},"end":{"line":33,"column":null}},"6":{"start":{"line":32,"column":8},"end":{"line":32,"column":null}},"7":{"start":{"line":35,"column":18},"end":{"line":35,"column":null}},"8":{"start":{"line":36,"column":17},"end":{"line":36,"column":null}},"9":{"start":{"line":37,"column":6},"end":{"line":37,"column":null}},"10":{"start":{"line":39,"column":6},"end":{"line":39,"column":null}},"11":{"start":{"line":40,"column":6},"end":{"line":40,"column":null}},"12":{"start":{"line":45,"column":14},"end":{"line":45,"column":null}},"13":{"start":{"line":46,"column":2},"end":{"line":46,"column":null}},"14":{"start":{"line":46,"column":15},"end":{"line":46,"column":null}},"15":{"start":{"line":47,"column":14},"end":{"line":47,"column":null}},"16":{"start":{"line":48,"column":13},"end":{"line":48,"column":null}},"17":{"start":{"line":49,"column":2},"end":{"line":49,"column":null}}},"fnMap":{"0":{"name":"toDataUrl","decl":{"start":{"line":18,"column":22},"end":{"line":18,"column":32}},"loc":{"start":{"line":18,"column":78},"end":{"line":50,"column":null}},"line":18}},"branchMap":{"0":{"loc":{"start":{"line":23,"column":2},"end":{"line":42,"column":null}},"type":"if","locations":[{"start":{"line":23,"column":2},"end":{"line":42,"column":null}},{"start":{},"end":{}}],"line":23},"1":{"loc":{"start":{"line":23,"column":6},"end":{"line":23,"column":37}},"type":"binary-expr","locations":[{"start":{"line":23,"column":6},"end":{"line":23,"column":24}},{"start":{"line":23,"column":24},"end":{"line":23,"column":37}}],"line":23},"2":{"loc":{"start":{"line":31,"column":6},"end":{"line":33,"column":null}},"type":"if","locations":[{"start":{"line":31,"column":6},"end":{"line":33,"column":null}},{"start":{},"end":{}}],"line":31},"3":{"loc":{"start":{"line":36,"column":17},"end":{"line":36,"column":null}},"type":"binary-expr","locations":[{"start":{"line":36,"column":17},"end":{"line":36,"column":53}},{"start":{"line":36,"column":53},"end":{"line":36,"column":null}}],"line":36},"4":{"loc":{"start":{"line":46,"column":2},"end":{"line":46,"column":null}},"type":"if","locations":[{"start":{"line":46,"column":2},"end":{"line":46,"column":null}},{"start":{},"end":{}}],"line":46},"5":{"loc":{"start":{"line":48,"column":13},"end":{"line":48,"column":null}},"type":"binary-expr","locations":[{"start":{"line":48,"column":13},"end":{"line":48,"column":48}},{"start":{"line":48,"column":48},"end":{"line":48,"column":null}}],"line":48}},"s":{"0":13,"1":13,"2":5,"3":5,"4":5,"5":5,"6":1,"7":4,"8":4,"9":5,"10":1,"11":1,"12":8,"13":8,"14":1,"15":7,"16":7,"17":13},"f":{"0":13},"b":{"0":[5,8],"1":[13,7],"2":[1,4],"3":[4,1],"4":[1,7],"5":[7,1]},"meta":{"lastBranch":6,"lastFunction":1,"lastStatement":18,"seen":{"f:18:22:18:32":0,"s:21:25:21:Infinity":0,"b:23:2:42:Infinity:undefined:undefined:undefined:undefined":0,"s:23:2:42:Infinity":1,"b:23:6:23:24:23:24:23:37":1,"s:25:16:25:Infinity":2,"s:27:4:41:Infinity":3,"s:29:21:29:Infinity":4,"b:31:6:33:Infinity:undefined:undefined:undefined:undefined":2,"s:31:6:33:Infinity":5,"s:32:8:32:Infinity":6,"s:35:18:35:Infinity":7,"s:36:17:36:Infinity":8,"b:36:17:36:53:36:53:36:Infinity":3,"s:37:6:37:Infinity":9,"s:39:6:39:Infinity":10,"s:40:6:40:Infinity":11,"s:45:14:45:Infinity":12,"b:46:2:46:Infinity:undefined:undefined:undefined:undefined":4,"s:46:2:46:Infinity":13,"s:46:15:46:Infinity":14,"s:47:14:47:Infinity":15,"s:48:13:48:Infinity":16,"b:48:13:48:48:48:48:48:Infinity":5,"s:49:2:49:Infinity":17}}}
,"/Users/fukudatomohiro/DevCode/img-worker/src/services/wasm.ts": {"path":"/Users/fukudatomohiro/DevCode/img-worker/src/services/wasm.ts","statementMap":{"0":{"start":{"line":5,"column":22},"end":{"line":5,"column":null}},"1":{"start":{"line":12,"column":2},"end":{"line":15,"column":null}},"2":{"start":{"line":13,"column":4},"end":{"line":13,"column":null}},"3":{"start":{"line":14,"column":4},"end":{"line":14,"column":null}}},"fnMap":{"0":{"name":"ensureWasmInitialized","decl":{"start":{"line":11,"column":22},"end":{"line":11,"column":46}},"loc":{"start":{"line":11,"column":46},"end":{"line":16,"column":null}},"line":11}},"branchMap":{"0":{"loc":{"start":{"line":12,"column":2},"end":{"line":15,"column":null}},"type":"if","locations":[{"start":{"line":12,"column":2},"end":{"line":15,"column":null}},{"start":{},"end":{}}],"line":12}},"s":{"0":0,"1":0,"2":0,"3":0},"f":{"0":0},"b":{"0":[0,0]},"meta":{"lastBranch":1,"lastFunction":1,"lastStatement":4,"seen":{"s:5:22:5:Infinity":0,"f:11:22:11:46":0,"b:12:2:15:Infinity:undefined:undefined:undefined:undefined":0,"s:12:2:15:Infinity":1,"s:13:4:13:Infinity":2,"s:14:4:14:Infinity":3}}}
,"/Users/fukudatomohiro/DevCode/img-worker/src/utils/encoding.ts": {"path":"/Users/fukudatomohiro/DevCode/img-worker/src/utils/encoding.ts","statementMap":{"0":{"start":{"line":13,"column":16},"end":{"line":13,"column":null}},"1":{"start":{"line":14,"column":15},"end":{"line":14,"column":null}},"2":{"start":{"line":15,"column":20},"end":{"line":15,"column":null}},"3":{"start":{"line":18,"column":2},"end":{"line":21,"column":null}},"4":{"start":{"line":18,"column":15},"end":{"line":18,"column":18}},"5":{"start":{"line":19,"column":18},"end":{"line":19,"column":null}},"6":{"start":{"line":20,"column":4},"end":{"line":20,"column":null}},"7":{"start":{"line":23,"column":17},"end":{"line":23,"column":null}},"8":{"start":{"line":24,"column":2},"end":{"line":24,"column":null}}},"fnMap":{"0":{"name":"arrayBufferToDataUrl","decl":{"start":{"line":9,"column":16},"end":{"line":9,"column":null}},"loc":{"start":{"line":12,"column":10},"end":{"line":25,"column":null}},"line":12}},"branchMap":{"0":{"loc":{"start":{"line":11,"column":2},"end":{"line":11,"column":null}},"type":"default-arg","locations":[{"start":{"line":11,"column":24},"end":{"line":11,"column":null}}],"line":11}},"s":{"0":16,"1":16,"2":16,"3":16,"4":16,"5":46,"6":46,"7":16,"8":16},"f":{"0":16},"b":{"0":[16]},"meta":{"lastBranch":1,"lastFunction":1,"lastStatement":9,"seen":{"f:9:16:9:Infinity":0,"b:11:24:11:Infinity":0,"s:13:16:13:Infinity":0,"s:14:15:14:Infinity":1,"s:15:20:15:Infinity":2,"s:18:2:21:Infinity":3,"s:18:15:18:18":4,"s:19:18:19:Infinity":5,"s:20:4:20:Infinity":6,"s:23:17:23:Infinity":7,"s:24:2:24:Infinity":8}}}
}
